2025.03.24 20:23:23 INFO  Started: Metals version 1.5.1 in folders '/Users/harimkim/Documents/GitHub/LDP-Project-2' for client Visual Studio Code 1.96.0.
Mar 24, 2025 8:23:40 PM org.eclipse.lsp4j.jsonrpc.services.GenericEndpoint notify
WARNING: Unsupported notification method: metals/windowStateDidChange
2025.03.24 20:23:46 INFO  no build target found for /Users/harimkim/Documents/GitHub/LDP-Project-2/src/main/scala/project_2/main.scala. Using presentation compiler with project's scala-library version: 3.3.4
2025.03.24 20:23:50 INFO  no build target found for /Users/harimkim/Documents/GitHub/LDP-Project-2/src/main/scala/project_2/main.scala. Using presentation compiler with project's scala-library version: 3.3.4
2025.03.24 20:23:50 INFO  no build target found for /Users/harimkim/Documents/GitHub/LDP-Project-2/src/main/scala/project_2/main.scala. Using presentation compiler with project's scala-library version: 3.3.4
Mar 24, 2025 8:23:50 PM org.eclipse.lsp4j.jsonrpc.RemoteEndpoint handleCancellation
WARNING: Unmatched cancel notification for request id 1
2025.03.24 20:23:50 INFO  running '/opt/homebrew/bin/sbt -Dbloop.export-jar-classifiers=sources bloopInstall'
2025.03.24 20:23:50 INFO  no build target found for /Users/harimkim/Documents/GitHub/LDP-Project-2/src/main/scala/project_2/main.scala. Using presentation compiler with project's scala-library version: 3.3.4
2025.03.24 20:23:50 WARN  no build target for: /Users/harimkim/Documents/GitHub/LDP-Project-2/project/metals.sbt
2025.03.24 20:23:50 WARN  no build target for: /Users/harimkim/Documents/GitHub/LDP-Project-2/project/project/metals.sbt
2025.03.24 20:23:50 INFO  no build target found for /Users/harimkim/Documents/GitHub/LDP-Project-2/project/metals.sbt. Using presentation compiler with project's scala-library version: 3.3.4
2025.03.24 20:23:50 INFO  no build target found for /Users/harimkim/Documents/GitHub/LDP-Project-2/src/main/scala/project_2/main.scala. Using presentation compiler with project's scala-library version: 3.3.4
2025.03.24 20:23:50 INFO  no build target found for /Users/harimkim/Documents/GitHub/LDP-Project-2/project/project/metals.sbt. Using presentation compiler with project's scala-library version: 3.3.4
2025.03.24 20:23:51 INFO  [info] Updated file /Users/harimkim/Documents/GitHub/LDP-Project-2/project/build.properties: set sbt.version to 1.10.10
2025.03.24 20:23:51 INFO  [info] welcome to sbt 1.10.10 (Oracle Corporation Java 17.0.14)
2025.03.24 20:23:52 INFO  no build target found for /Users/harimkim/Documents/GitHub/LDP-Project-2/src/main/scala/project_2/main.scala. Using presentation compiler with project's scala-library version: 3.3.4
2025.03.24 20:23:51 INFO  [info] loading settings for project ldp-project-2-build-build from metals.sbt...
2025.03.24 20:23:53 INFO  [info] loading project definition from /Users/harimkim/Documents/GitHub/LDP-Project-2/project/project
2025.03.24 20:23:54 INFO  [info] loading settings for project ldp-project-2-build from metals.sbt...
2025.03.24 20:23:54 INFO  [info] loading project definition from /Users/harimkim/Documents/GitHub/LDP-Project-2/project
2025.03.24 20:23:56 INFO  [success] Generated .bloop/ldp-project-2-build.json
2025.03.24 20:23:56 INFO  [success] Total time: 2 s, completed Mar 24, 2025, 8:23:56 PM
2025.03.24 20:23:56 INFO  [info] loading settings for project ldp-project-2 from build.sbt...
2025.03.24 20:23:56 INFO  [info] set current project to project_2 (in build file:/Users/harimkim/Documents/GitHub/LDP-Project-2/)
2025.03.24 20:23:58 INFO  Shutting down server
2025.03.24 20:23:58 INFO  shutting down Metals
2025.03.24 20:24:00 INFO  Exiting server
2025.03.24 20:26:04 INFO  Started: Metals version 1.5.1 in folders '/Users/harimkim/Documents/GitHub/LDP-Project-2' for client Visual Studio Code 1.96.0.
2025.03.24 20:26:04 INFO  no build target found for /Users/harimkim/Documents/GitHub/LDP-Project-2/src/main/scala/project_2/main.scala. Using presentation compiler with project's scala-library version: 3.3.4
2025.03.24 20:26:05 INFO  Attempting to connect to the build server...
2025.03.24 20:26:05 INFO  No running Bloop server found, starting one.
2025.03.24 20:26:06 INFO  no build target found for /Users/harimkim/Documents/GitHub/LDP-Project-2/src/main/scala/project_2/main.scala. Using presentation compiler with project's scala-library version: 3.3.4
Mar 24, 2025 8:26:08 PM org.eclipse.lsp4j.jsonrpc.services.GenericEndpoint notify
INFO: Unsupported notification method: $/setTrace
2025.03.24 20:26:08 INFO  no build target found for /Users/harimkim/Documents/GitHub/LDP-Project-2/src/main/scala/project_2/main.scala. Using presentation compiler with project's scala-library version: 3.3.4
2025.03.24 20:26:11 INFO  no build target found for /Users/harimkim/Documents/GitHub/LDP-Project-2/src/main/scala/project_2/main.scala. Using presentation compiler with project's scala-library version: 3.3.4
2025.03.24 20:26:11 INFO  Starting compilation server
Mar 24, 2025 8:26:11 PM org.eclipse.lsp4j.jsonrpc.RemoteEndpoint handleCancellation
WARNING: Unmatched cancel notification for request id 9
2025.03.24 20:26:11 INFO  Shutting down server
2025.03.24 20:26:11 INFO  shutting down Metals
2025.03.24 20:26:52 INFO  Started: Metals version 1.5.1 in folders '/Users/harimkim/Documents/GitHub/LDP-Project-2' for client Visual Studio Code 1.96.0.
2025.03.24 20:26:54 INFO  no build target found for /Users/harimkim/Documents/GitHub/LDP-Project-2/src/main/scala/project_2/main.scala. Using presentation compiler with project's scala-library version: 3.3.4
2025.03.24 20:26:54 INFO  Attempting to connect to the build server...
2025.03.24 20:26:54 INFO  Found a Bloop server running
2025.03.24 20:26:54 INFO  tracing is disabled for protocol BSP, to enable tracing of incoming and outgoing JSON messages create an empty file at /Users/harimkim/Documents/GitHub/LDP-Project-2/.metals/bsp.trace.json or /Users/harimkim/Library/Caches/org.scalameta.metals/bsp.trace.json
2025.03.24 20:26:55 INFO  no build target found for /Users/harimkim/Documents/GitHub/LDP-Project-2/src/main/scala/project_2/main.scala. Using presentation compiler with project's scala-library version: 3.3.4
2025.03.24 20:26:55 INFO  no build target found for /Users/harimkim/Documents/GitHub/LDP-Project-2/src/main/scala/project_2/main.scala. Using presentation compiler with project's scala-library version: 3.3.4
2025.03.24 20:26:57 INFO  Attempting to connect to the build server...
2025.03.24 20:26:57 INFO  Found a Bloop server running
2025.03.24 20:26:57 INFO  tracing is disabled for protocol BSP, to enable tracing of incoming and outgoing JSON messages create an empty file at /Users/harimkim/Documents/GitHub/LDP-Project-2/project/.metals/bsp.trace.json or /Users/harimkim/Library/Caches/org.scalameta.metals/bsp.trace.json
2025.03.24 20:26:59 INFO  time: Connected to build server in 4.64s
2025.03.24 20:26:59 INFO  Connected to Build server: Bloop v2.0.8
2025.03.24 20:26:59 INFO  running doctor check
2025.03.24 20:26:59 INFO  java targets: ldp-project-2-build, ldp-project-2, ldp-project-2-test
2025.03.24 20:27:01 WARN  2.12.10 is no longer supported in the current Metals versions, using the last known supported version 0.11.12
Mar 24, 2025 8:27:12 PM scala.meta.internal.metals.StdReporter $anonfun$create$1
SEVERE: Java indexer failed with and exception. (full report at: /Users/harimkim/Documents/GitHub/LDP-Project-2/.metals/.reports/metals-full/2025-03-24/r_failed-idex-java_20-27-12-596.md)
Mar 24, 2025 8:27:12 PM scala.meta.internal.metals.StdReporter $anonfun$create$1
SEVERE: Java indexer failed with and exception. (full report at: /Users/harimkim/Documents/GitHub/LDP-Project-2/.metals/.reports/metals-full/2025-03-24/r_failed-idex-java_20-27-12-724.md)
Mar 24, 2025 8:27:13 PM scala.meta.internal.metals.StdReporter $anonfun$create$1
SEVERE: Java indexer failed with and exception. (full report at: /Users/harimkim/Documents/GitHub/LDP-Project-2/.metals/.reports/metals-full/2025-03-24/r_failed-idex-java_20-27-13-076.md)
Mar 24, 2025 8:27:13 PM scala.meta.internal.metals.StdReporter $anonfun$create$1
SEVERE: Java indexer failed with and exception. (full report at: /Users/harimkim/Documents/GitHub/LDP-Project-2/.metals/.reports/metals-full/2025-03-24/r_failed-idex-java_20-27-13-151.md)
Mar 24, 2025 8:27:13 PM scala.meta.internal.metals.StdReporter $anonfun$create$1
SEVERE: Java indexer failed with and exception. (full report at: /Users/harimkim/Documents/GitHub/LDP-Project-2/.metals/.reports/metals-full/2025-03-24/r_failed-idex-java_20-27-13-162.md)
Mar 24, 2025 8:27:13 PM scala.meta.internal.metals.StdReporter $anonfun$create$1
SEVERE: Java indexer failed with and exception. (full report at: /Users/harimkim/Documents/GitHub/LDP-Project-2/.metals/.reports/metals-full/2025-03-24/r_failed-idex-java_20-27-13-191.md)
Mar 24, 2025 8:27:13 PM scala.meta.internal.metals.StdReporter $anonfun$create$1
SEVERE: Java indexer failed with and exception. (full report at: /Users/harimkim/Documents/GitHub/LDP-Project-2/.metals/.reports/metals-full/2025-03-24/r_failed-idex-java_20-27-13-206.md)
Mar 24, 2025 8:27:13 PM scala.meta.internal.metals.StdReporter $anonfun$create$1
SEVERE: Java indexer failed with and exception. (full report at: /Users/harimkim/Documents/GitHub/LDP-Project-2/.metals/.reports/metals-full/2025-03-24/r_failed-idex-java_20-27-13-314.md)
Mar 24, 2025 8:27:13 PM scala.meta.internal.metals.StdReporter $anonfun$create$1
SEVERE: Java indexer failed with and exception. (full report at: /Users/harimkim/Documents/GitHub/LDP-Project-2/.metals/.reports/metals-full/2025-03-24/r_failed-idex-java_20-27-13-386.md)
Mar 24, 2025 8:27:14 PM org.eclipse.lsp4j.jsonrpc.services.GenericEndpoint notify
WARNING: Unsupported notification method: metals/windowStateDidChange
Mar 24, 2025 8:27:18 PM scala.meta.internal.metals.StdReporter $anonfun$create$1
SEVERE: Java indexer failed with and exception. (full report at: /Users/harimkim/Documents/GitHub/LDP-Project-2/.metals/.reports/metals-full/2025-03-24/r_failed-idex-java_20-27-18-020.md)
Mar 24, 2025 8:27:18 PM scala.meta.internal.metals.StdReporter $anonfun$create$1
SEVERE: Java indexer failed with and exception. (full report at: /Users/harimkim/Documents/GitHub/LDP-Project-2/.metals/.reports/metals-full/2025-03-24/r_failed-idex-java_20-27-18-022.md)
Mar 24, 2025 8:27:18 PM scala.meta.internal.metals.StdReporter $anonfun$create$1
SEVERE: Java indexer failed with and exception. (full report at: /Users/harimkim/Documents/GitHub/LDP-Project-2/.metals/.reports/metals-full/2025-03-24/r_failed-idex-java_20-27-18-024.md)
Mar 24, 2025 8:27:18 PM scala.meta.internal.metals.StdReporter $anonfun$create$1
SEVERE: Java indexer failed with and exception. (full report at: /Users/harimkim/Documents/GitHub/LDP-Project-2/.metals/.reports/metals-full/2025-03-24/r_failed-idex-java_20-27-18-025.md)
Mar 24, 2025 8:27:18 PM scala.meta.internal.metals.StdReporter $anonfun$create$1
SEVERE: Java indexer failed with and exception. (full report at: /Users/harimkim/Documents/GitHub/LDP-Project-2/.metals/.reports/metals-full/2025-03-24/r_failed-idex-java_20-27-18-027.md)
Mar 24, 2025 8:27:18 PM scala.meta.internal.metals.StdReporter $anonfun$create$1
SEVERE: Java indexer failed with and exception. (full report at: /Users/harimkim/Documents/GitHub/LDP-Project-2/.metals/.reports/metals-full/2025-03-24/r_failed-idex-java_20-27-18-028.md)
Mar 24, 2025 8:27:18 PM scala.meta.internal.metals.StdReporter $anonfun$create$1
SEVERE: Java indexer failed with and exception. (full report at: /Users/harimkim/Documents/GitHub/LDP-Project-2/.metals/.reports/metals-full/2025-03-24/r_failed-idex-java_20-27-18-029.md)
Mar 24, 2025 8:27:18 PM scala.meta.internal.metals.StdReporter $anonfun$create$1
SEVERE: Java indexer failed with and exception. (full report at: /Users/harimkim/Documents/GitHub/LDP-Project-2/.metals/.reports/metals-full/2025-03-24/r_failed-idex-java_20-27-18-031.md)
Mar 24, 2025 8:27:18 PM scala.meta.internal.metals.StdReporter $anonfun$create$1
SEVERE: Java indexer failed with and exception. (full report at: /Users/harimkim/Documents/GitHub/LDP-Project-2/.metals/.reports/metals-full/2025-03-24/r_failed-idex-java_20-27-18-033.md)
Mar 24, 2025 8:27:18 PM scala.meta.internal.metals.StdReporter $anonfun$create$1
SEVERE: Java indexer failed with and exception. (full report at: /Users/harimkim/Documents/GitHub/LDP-Project-2/.metals/.reports/metals-full/2025-03-24/r_failed-idex-java_20-27-18-034.md)
Mar 24, 2025 8:27:18 PM scala.meta.internal.metals.StdReporter $anonfun$create$1
SEVERE: Java indexer failed with and exception. (full report at: /Users/harimkim/Documents/GitHub/LDP-Project-2/.metals/.reports/metals-full/2025-03-24/r_failed-idex-java_20-27-18-036.md)
Mar 24, 2025 8:27:18 PM scala.meta.internal.metals.StdReporter $anonfun$create$1
SEVERE: Java indexer failed with and exception. (full report at: /Users/harimkim/Documents/GitHub/LDP-Project-2/.metals/.reports/metals-full/2025-03-24/r_failed-idex-java_20-27-18-037.md)
Mar 24, 2025 8:27:18 PM scala.meta.internal.metals.StdReporter $anonfun$create$1
SEVERE: Java indexer failed with and exception. (full report at: /Users/harimkim/Documents/GitHub/LDP-Project-2/.metals/.reports/metals-full/2025-03-24/r_failed-idex-java_20-27-18-039.md)
Mar 24, 2025 8:27:18 PM scala.meta.internal.metals.StdReporter $anonfun$create$1
SEVERE: Java indexer failed with and exception. (full report at: /Users/harimkim/Documents/GitHub/LDP-Project-2/.metals/.reports/metals-full/2025-03-24/r_failed-idex-java_20-27-18-040.md)
Mar 24, 2025 8:27:18 PM scala.meta.internal.metals.StdReporter $anonfun$create$1
SEVERE: Java indexer failed with and exception. (full report at: /Users/harimkim/Documents/GitHub/LDP-Project-2/.metals/.reports/metals-full/2025-03-24/r_failed-idex-java_20-27-18-042.md)
Mar 24, 2025 8:27:18 PM scala.meta.internal.metals.StdReporter $anonfun$create$1
SEVERE: Java indexer failed with and exception. (full report at: /Users/harimkim/Documents/GitHub/LDP-Project-2/.metals/.reports/metals-full/2025-03-24/r_failed-idex-java_20-27-18-043.md)
Mar 24, 2025 8:27:18 PM scala.meta.internal.metals.StdReporter $anonfun$create$1
SEVERE: Java indexer failed with and exception. (full report at: /Users/harimkim/Documents/GitHub/LDP-Project-2/.metals/.reports/metals-full/2025-03-24/r_failed-idex-java_20-27-18-045.md)
Mar 24, 2025 8:27:18 PM scala.meta.internal.metals.StdReporter $anonfun$create$1
SEVERE: Java indexer failed with and exception. (full report at: /Users/harimkim/Documents/GitHub/LDP-Project-2/.metals/.reports/metals-full/2025-03-24/r_failed-idex-java_20-27-18-046.md)
Mar 24, 2025 8:27:18 PM scala.meta.internal.metals.StdReporter $anonfun$create$1
SEVERE: Java indexer failed with and exception. (full report at: /Users/harimkim/Documents/GitHub/LDP-Project-2/.metals/.reports/metals-full/2025-03-24/r_failed-idex-java_20-27-18-047.md)
Mar 24, 2025 8:27:18 PM scala.meta.internal.metals.StdReporter $anonfun$create$1
SEVERE: Java indexer failed with and exception. (full report at: /Users/harimkim/Documents/GitHub/LDP-Project-2/.metals/.reports/metals-full/2025-03-24/r_failed-idex-java_20-27-18-048.md)
Mar 24, 2025 8:27:18 PM scala.meta.internal.metals.StdReporter $anonfun$create$1
SEVERE: Java indexer failed with and exception. (full report at: /Users/harimkim/Documents/GitHub/LDP-Project-2/.metals/.reports/metals-full/2025-03-24/r_failed-idex-java_20-27-18-049.md)
Mar 24, 2025 8:27:18 PM scala.meta.internal.metals.StdReporter $anonfun$create$1
SEVERE: Java indexer failed with and exception. (full report at: /Users/harimkim/Documents/GitHub/LDP-Project-2/.metals/.reports/metals-full/2025-03-24/r_failed-idex-java_20-27-18-051.md)
Mar 24, 2025 8:27:19 PM org.eclipse.lsp4j.jsonrpc.services.GenericEndpoint notify
INFO: Unsupported notification method: $/setTrace
2025.03.24 20:27:20 INFO  time: indexed workspace in 20s
Mar 24, 2025 8:27:20 PM org.eclipse.lsp4j.jsonrpc.services.GenericEndpoint notify
INFO: Unsupported notification method: $/setTrace
2025.03.24 20:27:20 INFO  compiling ldp-project-2 (1 scala source)
2025.03.24 20:27:20 INFO  Non-compiled module 'compiler-bridge_2.12' for Scala 2.12.10. Compiling...
Mar 24, 2025 8:27:21 PM org.eclipse.lsp4j.jsonrpc.services.GenericEndpoint notify
INFO: Unsupported notification method: $/setTrace
Mar 24, 2025 8:27:22 PM org.eclipse.lsp4j.jsonrpc.services.GenericEndpoint notify
INFO: Unsupported notification method: $/setTrace
2025.03.24 20:27:25 INFO  Compilation completed in 5.022s.
2025.03.24 20:27:26 INFO  time: compiled ldp-project-2 in 6.23s
2025.03.24 20:27:26 INFO  compiling ldp-project-2 (1 scala source)
2025.03.24 20:27:26 INFO  time: compiled ldp-project-2 in 84ms
Mar 24, 2025 8:28:06 PM org.eclipse.lsp4j.jsonrpc.services.GenericEndpoint notify
WARNING: Unsupported notification method: metals/windowStateDidChange
Mar 24, 2025 8:28:19 PM org.eclipse.lsp4j.jsonrpc.services.GenericEndpoint notify
WARNING: Unsupported notification method: metals/windowStateDidChange
Mar 24, 2025 8:28:22 PM org.eclipse.lsp4j.jsonrpc.services.GenericEndpoint notify
WARNING: Unsupported notification method: metals/windowStateDidChange
Mar 24, 2025 8:28:27 PM org.eclipse.lsp4j.jsonrpc.services.GenericEndpoint notify
WARNING: Unsupported notification method: metals/windowStateDidChange
Mar 24, 2025 8:28:56 PM scala.meta.internal.metals.StdReporter $anonfun$create$1
SEVERE: empty definition using pc, found symbol in pc:  (full report at: /Users/harimkim/Documents/GitHub/LDP-Project-2/.metals/.reports/metals-full/2025-03-24/r_empty-definition_(ldp-project-2)_20-28-56-707.md)
Mar 24, 2025 8:28:57 PM org.eclipse.lsp4j.jsonrpc.services.GenericEndpoint notify
WARNING: Unsupported notification method: metals/windowStateDidChange
Mar 24, 2025 8:29:10 PM org.eclipse.lsp4j.jsonrpc.services.GenericEndpoint notify
WARNING: Unsupported notification method: metals/windowStateDidChange
Mar 24, 2025 8:29:14 PM org.eclipse.lsp4j.jsonrpc.services.GenericEndpoint notify
WARNING: Unsupported notification method: metals/windowStateDidChange
Mar 24, 2025 8:29:16 PM org.eclipse.lsp4j.jsonrpc.services.GenericEndpoint notify
WARNING: Unsupported notification method: metals/windowStateDidChange
Mar 24, 2025 8:29:18 PM org.eclipse.lsp4j.jsonrpc.services.GenericEndpoint notify
WARNING: Unsupported notification method: metals/windowStateDidChange
Mar 24, 2025 8:29:18 PM org.eclipse.lsp4j.jsonrpc.services.GenericEndpoint notify
WARNING: Unsupported notification method: metals/windowStateDidChange
2025.03.24 20:29:21 INFO  compiling ldp-project-2 (1 scala source)
2025.03.24 20:29:21 INFO  time: compiled ldp-project-2 in 0.67s
Mar 24, 2025 8:29:24 PM org.eclipse.lsp4j.jsonrpc.services.GenericEndpoint notify
WARNING: Unsupported notification method: metals/windowStateDidChange
Mar 24, 2025 8:29:26 PM org.eclipse.lsp4j.jsonrpc.services.GenericEndpoint notify
WARNING: Unsupported notification method: metals/windowStateDidChange
2025.03.24 20:29:29 INFO  compiling ldp-project-2 (1 scala source)
2025.03.24 20:29:29 INFO  time: compiled ldp-project-2 in 0.34s
Mar 24, 2025 8:29:33 PM org.eclipse.lsp4j.jsonrpc.services.GenericEndpoint notify
WARNING: Unsupported notification method: metals/windowStateDidChange
Mar 24, 2025 8:29:45 PM org.eclipse.lsp4j.jsonrpc.services.GenericEndpoint notify
WARNING: Unsupported notification method: metals/windowStateDidChange
Mar 24, 2025 8:29:46 PM org.eclipse.lsp4j.jsonrpc.RemoteEndpoint handleCancellation
WARNING: Unmatched cancel notification for request id 86
Mar 24, 2025 8:29:52 PM org.eclipse.lsp4j.jsonrpc.services.GenericEndpoint notify
WARNING: Unsupported notification method: metals/windowStateDidChange
Mar 24, 2025 8:29:54 PM org.eclipse.lsp4j.jsonrpc.services.GenericEndpoint notify
WARNING: Unsupported notification method: metals/windowStateDidChange
Mar 24, 2025 8:29:58 PM org.eclipse.lsp4j.jsonrpc.services.GenericEndpoint notify
WARNING: Unsupported notification method: metals/windowStateDidChange
Mar 24, 2025 8:30:04 PM org.eclipse.lsp4j.jsonrpc.services.GenericEndpoint notify
WARNING: Unsupported notification method: metals/windowStateDidChange
2025.03.24 20:30:05 INFO  compiling ldp-project-2 (1 scala source)
2025.03.24 20:30:05 INFO  time: compiled ldp-project-2 in 0.26s
2025.03.24 20:30:15 INFO  compiling ldp-project-2 (1 scala source)
2025.03.24 20:30:15 INFO  time: compiled ldp-project-2 in 0.1s
2025.03.24 20:30:22 INFO  compiling ldp-project-2 (1 scala source)
2025.03.24 20:30:22 INFO  time: compiled ldp-project-2 in 89ms
Mar 24, 2025 8:31:00 PM org.eclipse.lsp4j.jsonrpc.services.GenericEndpoint notify
WARNING: Unsupported notification method: metals/windowStateDidChange
Mar 24, 2025 8:31:22 PM org.eclipse.lsp4j.jsonrpc.services.GenericEndpoint notify
WARNING: Unsupported notification method: metals/windowStateDidChange
Mar 24, 2025 8:31:24 PM org.eclipse.lsp4j.jsonrpc.services.GenericEndpoint notify
WARNING: Unsupported notification method: metals/windowStateDidChange
Mar 24, 2025 8:31:24 PM org.eclipse.lsp4j.jsonrpc.services.GenericEndpoint notify
WARNING: Unsupported notification method: metals/windowStateDidChange
Mar 24, 2025 8:31:27 PM org.eclipse.lsp4j.jsonrpc.services.GenericEndpoint notify
WARNING: Unsupported notification method: metals/windowStateDidChange
Mar 24, 2025 8:31:33 PM org.eclipse.lsp4j.jsonrpc.services.GenericEndpoint notify
WARNING: Unsupported notification method: metals/windowStateDidChange
Mar 24, 2025 8:31:35 PM org.eclipse.lsp4j.jsonrpc.services.GenericEndpoint notify
WARNING: Unsupported notification method: metals/windowStateDidChange
Mar 24, 2025 8:31:49 PM org.eclipse.lsp4j.jsonrpc.services.GenericEndpoint notify
WARNING: Unsupported notification method: metals/windowStateDidChange
Mar 24, 2025 8:31:53 PM org.eclipse.lsp4j.jsonrpc.services.GenericEndpoint notify
WARNING: Unsupported notification method: metals/windowStateDidChange
Mar 24, 2025 8:32:06 PM org.eclipse.lsp4j.jsonrpc.services.GenericEndpoint notify
WARNING: Unsupported notification method: metals/windowStateDidChange
Mar 24, 2025 8:32:09 PM org.eclipse.lsp4j.jsonrpc.services.GenericEndpoint notify
WARNING: Unsupported notification method: metals/windowStateDidChange
Mar 24, 2025 8:32:10 PM org.eclipse.lsp4j.jsonrpc.services.GenericEndpoint notify
WARNING: Unsupported notification method: metals/windowStateDidChange
Mar 24, 2025 8:32:14 PM org.eclipse.lsp4j.jsonrpc.services.GenericEndpoint notify
WARNING: Unsupported notification method: metals/windowStateDidChange
Mar 24, 2025 8:32:16 PM org.eclipse.lsp4j.jsonrpc.services.GenericEndpoint notify
WARNING: Unsupported notification method: metals/windowStateDidChange
2025.03.24 20:32:21 INFO  compiling ldp-project-2 (1 scala source)
2025.03.24 20:32:21 INFO  time: compiled ldp-project-2 in 0.22s
Mar 24, 2025 8:32:36 PM org.eclipse.lsp4j.jsonrpc.services.GenericEndpoint notify
WARNING: Unsupported notification method: metals/windowStateDidChange
Mar 24, 2025 8:32:38 PM org.eclipse.lsp4j.jsonrpc.services.GenericEndpoint notify
WARNING: Unsupported notification method: metals/windowStateDidChange
Mar 24, 2025 8:32:51 PM org.eclipse.lsp4j.jsonrpc.services.GenericEndpoint notify
WARNING: Unsupported notification method: metals/windowStateDidChange
Mar 24, 2025 8:33:09 PM org.eclipse.lsp4j.jsonrpc.services.GenericEndpoint notify
WARNING: Unsupported notification method: metals/windowStateDidChange
Mar 24, 2025 8:33:28 PM org.eclipse.lsp4j.jsonrpc.services.GenericEndpoint notify
WARNING: Unsupported notification method: metals/windowStateDidChange
Mar 24, 2025 8:33:35 PM org.eclipse.lsp4j.jsonrpc.services.GenericEndpoint notify
WARNING: Unsupported notification method: metals/windowStateDidChange
Mar 24, 2025 8:33:50 PM scala.meta.internal.metals.StdReporter $anonfun$create$1
SEVERE: empty definition using pc, found symbol in pc:  (full report at: /Users/harimkim/Documents/GitHub/LDP-Project-2/.metals/.reports/metals-full/2025-03-24/r_empty-definition_(ldp-project-2)_20-33-50-293.md)
Mar 24, 2025 8:33:51 PM org.eclipse.lsp4j.jsonrpc.services.GenericEndpoint notify
WARNING: Unsupported notification method: metals/windowStateDidChange
Mar 24, 2025 8:34:25 PM org.eclipse.lsp4j.jsonrpc.services.GenericEndpoint notify
WARNING: Unsupported notification method: metals/windowStateDidChange
Mar 24, 2025 8:34:58 PM org.eclipse.lsp4j.jsonrpc.services.GenericEndpoint notify
WARNING: Unsupported notification method: metals/windowStateDidChange
Mar 24, 2025 8:34:59 PM org.eclipse.lsp4j.jsonrpc.services.GenericEndpoint notify
WARNING: Unsupported notification method: metals/windowStateDidChange
2025.03.24 20:35:08 INFO  compiling ldp-project-2 (1 scala source)
2025.03.24 20:35:08 INFO  time: compiled ldp-project-2 in 0.21s
Mar 24, 2025 8:35:13 PM org.eclipse.lsp4j.jsonrpc.services.GenericEndpoint notify
WARNING: Unsupported notification method: metals/windowStateDidChange
Mar 24, 2025 8:35:38 PM org.eclipse.lsp4j.jsonrpc.services.GenericEndpoint notify
WARNING: Unsupported notification method: metals/windowStateDidChange
Mar 24, 2025 8:36:20 PM org.eclipse.lsp4j.jsonrpc.services.GenericEndpoint notify
WARNING: Unsupported notification method: metals/windowStateDidChange
Mar 24, 2025 8:37:01 PM org.eclipse.lsp4j.jsonrpc.services.GenericEndpoint notify
WARNING: Unsupported notification method: metals/windowStateDidChange
Mar 24, 2025 8:38:54 PM org.eclipse.lsp4j.jsonrpc.services.GenericEndpoint notify
WARNING: Unsupported notification method: metals/windowStateDidChange
Mar 24, 2025 8:38:54 PM org.eclipse.lsp4j.jsonrpc.services.GenericEndpoint notify
WARNING: Unsupported notification method: metals/windowStateDidChange
Mar 24, 2025 8:39:00 PM org.eclipse.lsp4j.jsonrpc.services.GenericEndpoint notify
WARNING: Unsupported notification method: metals/windowStateDidChange
Mar 24, 2025 8:39:00 PM org.eclipse.lsp4j.jsonrpc.services.GenericEndpoint notify
WARNING: Unsupported notification method: metals/windowStateDidChange
Mar 24, 2025 8:39:07 PM org.eclipse.lsp4j.jsonrpc.services.GenericEndpoint notify
WARNING: Unsupported notification method: metals/windowStateDidChange
Mar 24, 2025 8:39:09 PM org.eclipse.lsp4j.jsonrpc.services.GenericEndpoint notify
WARNING: Unsupported notification method: metals/windowStateDidChange
2025.03.24 20:39:12 INFO  compiling ldp-project-2 (1 scala source)
2025.03.24 20:39:12 INFO  time: compiled ldp-project-2 in 0.18s
2025.03.24 20:39:21 INFO  compiling ldp-project-2 (1 scala source)
2025.03.24 20:39:21 INFO  time: compiled ldp-project-2 in 0.18s
Mar 24, 2025 8:39:36 PM org.eclipse.lsp4j.jsonrpc.services.GenericEndpoint notify
WARNING: Unsupported notification method: metals/windowStateDidChange
Mar 24, 2025 8:40:12 PM org.eclipse.lsp4j.jsonrpc.services.GenericEndpoint notify
WARNING: Unsupported notification method: metals/windowStateDidChange
Mar 24, 2025 8:44:37 PM org.eclipse.lsp4j.jsonrpc.services.GenericEndpoint notify
WARNING: Unsupported notification method: metals/windowStateDidChange
Mar 24, 2025 8:44:37 PM org.eclipse.lsp4j.jsonrpc.services.GenericEndpoint notify
WARNING: Unsupported notification method: metals/windowStateDidChange
Mar 24, 2025 8:44:39 PM org.eclipse.lsp4j.jsonrpc.services.GenericEndpoint notify
WARNING: Unsupported notification method: metals/windowStateDidChange
Mar 24, 2025 8:45:15 PM org.eclipse.lsp4j.jsonrpc.services.GenericEndpoint notify
WARNING: Unsupported notification method: metals/windowStateDidChange
Mar 24, 2025 8:45:30 PM org.eclipse.lsp4j.jsonrpc.services.GenericEndpoint notify
WARNING: Unsupported notification method: metals/windowStateDidChange
Mar 24, 2025 8:45:40 PM org.eclipse.lsp4j.jsonrpc.services.GenericEndpoint notify
WARNING: Unsupported notification method: metals/windowStateDidChange
Mar 24, 2025 8:45:53 PM org.eclipse.lsp4j.jsonrpc.services.GenericEndpoint notify
WARNING: Unsupported notification method: metals/windowStateDidChange
Mar 24, 2025 8:46:22 PM org.eclipse.lsp4j.jsonrpc.services.GenericEndpoint notify
WARNING: Unsupported notification method: metals/windowStateDidChange
Mar 24, 2025 8:46:24 PM org.eclipse.lsp4j.jsonrpc.services.GenericEndpoint notify
WARNING: Unsupported notification method: metals/windowStateDidChange
Mar 24, 2025 8:46:25 PM org.eclipse.lsp4j.jsonrpc.services.GenericEndpoint notify
WARNING: Unsupported notification method: metals/windowStateDidChange
2025.03.24 20:46:37 INFO  compiling ldp-project-2 (1 scala source)
2025.03.24 20:46:37 INFO  time: compiled ldp-project-2 in 0.19s
Mar 24, 2025 8:46:39 PM org.eclipse.lsp4j.jsonrpc.services.GenericEndpoint notify
WARNING: Unsupported notification method: metals/windowStateDidChange
Mar 24, 2025 8:46:40 PM org.eclipse.lsp4j.jsonrpc.services.GenericEndpoint notify
WARNING: Unsupported notification method: metals/windowStateDidChange
Mar 24, 2025 8:46:43 PM org.eclipse.lsp4j.jsonrpc.services.GenericEndpoint notify
WARNING: Unsupported notification method: metals/windowStateDidChange
Mar 24, 2025 8:46:48 PM org.eclipse.lsp4j.jsonrpc.services.GenericEndpoint notify
WARNING: Unsupported notification method: metals/windowStateDidChange
Mar 24, 2025 8:46:50 PM org.eclipse.lsp4j.jsonrpc.services.GenericEndpoint notify
WARNING: Unsupported notification method: metals/windowStateDidChange
Mar 24, 2025 8:46:52 PM org.eclipse.lsp4j.jsonrpc.services.GenericEndpoint notify
WARNING: Unsupported notification method: metals/windowStateDidChange
2025.03.24 20:46:54 INFO  compiling ldp-project-2 (1 scala source)
2025.03.24 20:46:54 INFO  time: compiled ldp-project-2 in 0.17s
Mar 24, 2025 8:46:56 PM org.eclipse.lsp4j.jsonrpc.services.GenericEndpoint notify
WARNING: Unsupported notification method: metals/windowStateDidChange
Mar 24, 2025 8:47:02 PM org.eclipse.lsp4j.jsonrpc.services.GenericEndpoint notify
WARNING: Unsupported notification method: metals/windowStateDidChange
2025.03.24 20:47:06 INFO  compiling ldp-project-2 (1 scala source)
2025.03.24 20:47:06 INFO  time: compiled ldp-project-2 in 0.16s
2025.03.24 20:47:09 INFO  compiling ldp-project-2 (1 scala source)
2025.03.24 20:47:09 INFO  time: compiled ldp-project-2 in 0.17s
Mar 24, 2025 8:47:11 PM org.eclipse.lsp4j.jsonrpc.services.GenericEndpoint notify
WARNING: Unsupported notification method: metals/windowStateDidChange
Mar 24, 2025 8:47:17 PM org.eclipse.lsp4j.jsonrpc.services.GenericEndpoint notify
WARNING: Unsupported notification method: metals/windowStateDidChange
2025.03.24 20:47:20 INFO  compiling ldp-project-2 (1 scala source)
2025.03.24 20:47:20 INFO  time: compiled ldp-project-2 in 0.17s
2025.03.24 20:47:26 INFO  compiling ldp-project-2 (1 scala source)
2025.03.24 20:47:26 INFO  time: compiled ldp-project-2 in 0.16s
Mar 24, 2025 8:48:01 PM scala.meta.internal.metals.StdReporter $anonfun$create$1
SEVERE: empty definition using pc, found symbol in pc:  (full report at: /Users/harimkim/Documents/GitHub/LDP-Project-2/.metals/.reports/metals-full/2025-03-24/r_empty-definition_(ldp-project-2)_20-48-01-467.md)
Mar 24, 2025 8:48:03 PM org.eclipse.lsp4j.jsonrpc.services.GenericEndpoint notify
WARNING: Unsupported notification method: metals/windowStateDidChange
Mar 24, 2025 8:48:07 PM org.eclipse.lsp4j.jsonrpc.services.GenericEndpoint notify
WARNING: Unsupported notification method: metals/windowStateDidChange
Mar 24, 2025 8:48:12 PM scala.meta.internal.metals.StdReporter $anonfun$create$1
SEVERE: empty definition using pc, found symbol in pc:  (full report at: /Users/harimkim/Documents/GitHub/LDP-Project-2/.metals/.reports/metals-full/2025-03-24/r_empty-definition_(ldp-project-2)_20-48-12-581.md)
Mar 24, 2025 8:48:13 PM org.eclipse.lsp4j.jsonrpc.services.GenericEndpoint notify
WARNING: Unsupported notification method: metals/windowStateDidChange
Mar 24, 2025 8:48:26 PM org.eclipse.lsp4j.jsonrpc.services.GenericEndpoint notify
WARNING: Unsupported notification method: metals/windowStateDidChange
2025.03.24 20:48:30 INFO  compiling ldp-project-2 (1 scala source)
2025.03.24 20:48:32 INFO  time: compiled ldp-project-2 in 1.66s
Mar 24, 2025 8:48:44 PM org.eclipse.lsp4j.jsonrpc.services.GenericEndpoint notify
WARNING: Unsupported notification method: metals/windowStateDidChange
Mar 24, 2025 8:48:47 PM org.eclipse.lsp4j.jsonrpc.services.GenericEndpoint notify
WARNING: Unsupported notification method: metals/windowStateDidChange
Mar 24, 2025 8:48:49 PM org.eclipse.lsp4j.jsonrpc.services.GenericEndpoint notify
WARNING: Unsupported notification method: metals/windowStateDidChange
Mar 24, 2025 8:49:21 PM org.eclipse.lsp4j.jsonrpc.services.GenericEndpoint notify
WARNING: Unsupported notification method: metals/windowStateDidChange
Mar 24, 2025 8:49:27 PM org.eclipse.lsp4j.jsonrpc.services.GenericEndpoint notify
WARNING: Unsupported notification method: metals/windowStateDidChange
Mar 24, 2025 8:49:29 PM org.eclipse.lsp4j.jsonrpc.services.GenericEndpoint notify
WARNING: Unsupported notification method: metals/windowStateDidChange
Mar 24, 2025 8:49:32 PM org.eclipse.lsp4j.jsonrpc.services.GenericEndpoint notify
WARNING: Unsupported notification method: metals/windowStateDidChange
Mar 24, 2025 8:49:55 PM org.eclipse.lsp4j.jsonrpc.services.GenericEndpoint notify
WARNING: Unsupported notification method: metals/windowStateDidChange
Mar 24, 2025 8:49:57 PM org.eclipse.lsp4j.jsonrpc.services.GenericEndpoint notify
WARNING: Unsupported notification method: metals/windowStateDidChange
Mar 24, 2025 8:50:00 PM org.eclipse.lsp4j.jsonrpc.services.GenericEndpoint notify
WARNING: Unsupported notification method: metals/windowStateDidChange
Mar 24, 2025 8:50:02 PM org.eclipse.lsp4j.jsonrpc.services.GenericEndpoint notify
WARNING: Unsupported notification method: metals/windowStateDidChange
Mar 24, 2025 8:50:06 PM org.eclipse.lsp4j.jsonrpc.services.GenericEndpoint notify
WARNING: Unsupported notification method: metals/windowStateDidChange
Mar 24, 2025 8:50:24 PM org.eclipse.lsp4j.jsonrpc.services.GenericEndpoint notify
WARNING: Unsupported notification method: metals/windowStateDidChange
Mar 24, 2025 8:50:52 PM org.eclipse.lsp4j.jsonrpc.services.GenericEndpoint notify
WARNING: Unsupported notification method: metals/windowStateDidChange
Mar 24, 2025 8:51:11 PM org.eclipse.lsp4j.jsonrpc.services.GenericEndpoint notify
WARNING: Unsupported notification method: metals/windowStateDidChange
Mar 24, 2025 8:51:31 PM org.eclipse.lsp4j.jsonrpc.services.GenericEndpoint notify
WARNING: Unsupported notification method: metals/windowStateDidChange
Mar 24, 2025 8:51:48 PM org.eclipse.lsp4j.jsonrpc.services.GenericEndpoint notify
WARNING: Unsupported notification method: metals/windowStateDidChange
Mar 24, 2025 8:51:58 PM org.eclipse.lsp4j.jsonrpc.services.GenericEndpoint notify
WARNING: Unsupported notification method: metals/windowStateDidChange
Mar 24, 2025 8:52:10 PM org.eclipse.lsp4j.jsonrpc.services.GenericEndpoint notify
WARNING: Unsupported notification method: metals/windowStateDidChange
Mar 24, 2025 8:52:15 PM org.eclipse.lsp4j.jsonrpc.services.GenericEndpoint notify
WARNING: Unsupported notification method: metals/windowStateDidChange
Mar 24, 2025 8:52:24 PM org.eclipse.lsp4j.jsonrpc.services.GenericEndpoint notify
WARNING: Unsupported notification method: metals/windowStateDidChange
Mar 24, 2025 8:52:28 PM org.eclipse.lsp4j.jsonrpc.services.GenericEndpoint notify
WARNING: Unsupported notification method: metals/windowStateDidChange
Mar 24, 2025 8:52:35 PM org.eclipse.lsp4j.jsonrpc.services.GenericEndpoint notify
WARNING: Unsupported notification method: metals/windowStateDidChange
Mar 24, 2025 8:52:43 PM org.eclipse.lsp4j.jsonrpc.services.GenericEndpoint notify
WARNING: Unsupported notification method: metals/windowStateDidChange
Mar 24, 2025 8:52:45 PM org.eclipse.lsp4j.jsonrpc.services.GenericEndpoint notify
WARNING: Unsupported notification method: metals/windowStateDidChange
Mar 24, 2025 8:52:47 PM org.eclipse.lsp4j.jsonrpc.services.GenericEndpoint notify
WARNING: Unsupported notification method: metals/windowStateDidChange
Mar 24, 2025 8:52:51 PM org.eclipse.lsp4j.jsonrpc.services.GenericEndpoint notify
WARNING: Unsupported notification method: metals/windowStateDidChange
Mar 24, 2025 8:52:54 PM org.eclipse.lsp4j.jsonrpc.services.GenericEndpoint notify
WARNING: Unsupported notification method: metals/windowStateDidChange
Mar 24, 2025 8:54:15 PM org.eclipse.lsp4j.jsonrpc.services.GenericEndpoint notify
WARNING: Unsupported notification method: metals/windowStateDidChange
Mar 24, 2025 8:54:30 PM org.eclipse.lsp4j.jsonrpc.services.GenericEndpoint notify
WARNING: Unsupported notification method: metals/windowStateDidChange
Mar 24, 2025 8:54:56 PM org.eclipse.lsp4j.jsonrpc.services.GenericEndpoint notify
WARNING: Unsupported notification method: metals/windowStateDidChange
Mar 24, 2025 8:54:57 PM org.eclipse.lsp4j.jsonrpc.services.GenericEndpoint notify
WARNING: Unsupported notification method: metals/windowStateDidChange
Mar 24, 2025 8:55:08 PM org.eclipse.lsp4j.jsonrpc.services.GenericEndpoint notify
WARNING: Unsupported notification method: metals/windowStateDidChange
Mar 24, 2025 8:55:15 PM org.eclipse.lsp4j.jsonrpc.services.GenericEndpoint notify
WARNING: Unsupported notification method: metals/windowStateDidChange
2025.03.24 20:55:18 INFO  compiling ldp-project-2 (1 scala source)
2025.03.24 20:55:19 INFO  time: compiled ldp-project-2 in 1.18s
2025.03.24 20:55:36 INFO  compiling ldp-project-2 (1 scala source)
2025.03.24 20:55:36 INFO  time: compiled ldp-project-2 in 0.98s
Mar 24, 2025 8:55:54 PM org.eclipse.lsp4j.jsonrpc.services.GenericEndpoint notify
WARNING: Unsupported notification method: metals/windowStateDidChange
Mar 24, 2025 8:55:57 PM org.eclipse.lsp4j.jsonrpc.services.GenericEndpoint notify
WARNING: Unsupported notification method: metals/windowStateDidChange
Mar 24, 2025 8:55:59 PM org.eclipse.lsp4j.jsonrpc.services.GenericEndpoint notify
WARNING: Unsupported notification method: metals/windowStateDidChange
Mar 24, 2025 8:56:17 PM org.eclipse.lsp4j.jsonrpc.services.GenericEndpoint notify
WARNING: Unsupported notification method: metals/windowStateDidChange
Mar 24, 2025 8:56:18 PM scala.meta.internal.metals.StdReporter $anonfun$create$1
SEVERE: empty definition using pc, found symbol in pc:  (full report at: /Users/harimkim/Documents/GitHub/LDP-Project-2/.metals/.reports/metals-full/2025-03-24/r_empty-definition_(ldp-project-2)_20-56-18-120.md)
Mar 24, 2025 8:56:18 PM scala.meta.internal.metals.StdReporter $anonfun$create$1
SEVERE: empty definition using pc, found symbol in pc:  (full report at: /Users/harimkim/Documents/GitHub/LDP-Project-2/.metals/.reports/metals-full/2025-03-24/r_empty-definition_(ldp-project-2)_20-56-18-120.md)
Mar 24, 2025 8:56:18 PM scala.meta.internal.metals.StdReporter $anonfun$create$1
SEVERE: empty definition using pc, found symbol in pc:  (full report at: /Users/harimkim/Documents/GitHub/LDP-Project-2/.metals/.reports/metals-full/2025-03-24/r_empty-definition_(ldp-project-2)_20-56-18-120.md)
Mar 24, 2025 8:56:18 PM scala.meta.internal.metals.StdReporter $anonfun$create$1
SEVERE: empty definition using pc, found symbol in pc:  (full report at: /Users/harimkim/Documents/GitHub/LDP-Project-2/.metals/.reports/metals-full/2025-03-24/r_empty-definition_(ldp-project-2)_20-56-18-120.md)
Mar 24, 2025 8:56:18 PM scala.meta.internal.metals.StdReporter $anonfun$create$1
SEVERE: empty definition using pc, found symbol in pc:  (full report at: /Users/harimkim/Documents/GitHub/LDP-Project-2/.metals/.reports/metals-full/2025-03-24/r_empty-definition_(ldp-project-2)_20-56-18-120.md)
Mar 24, 2025 8:56:20 PM org.eclipse.lsp4j.jsonrpc.services.GenericEndpoint notify
WARNING: Unsupported notification method: metals/windowStateDidChange
Mar 24, 2025 8:56:24 PM org.eclipse.lsp4j.jsonrpc.services.GenericEndpoint notify
WARNING: Unsupported notification method: metals/windowStateDidChange
Mar 24, 2025 8:56:31 PM org.eclipse.lsp4j.jsonrpc.services.GenericEndpoint notify
WARNING: Unsupported notification method: metals/windowStateDidChange
Mar 24, 2025 8:56:36 PM org.eclipse.lsp4j.jsonrpc.services.GenericEndpoint notify
WARNING: Unsupported notification method: metals/windowStateDidChange
Mar 24, 2025 8:56:45 PM org.eclipse.lsp4j.jsonrpc.services.GenericEndpoint notify
WARNING: Unsupported notification method: metals/windowStateDidChange
Mar 24, 2025 8:57:07 PM org.eclipse.lsp4j.jsonrpc.services.GenericEndpoint notify
WARNING: Unsupported notification method: metals/windowStateDidChange
Mar 24, 2025 8:57:24 PM org.eclipse.lsp4j.jsonrpc.services.GenericEndpoint notify
WARNING: Unsupported notification method: metals/windowStateDidChange
Mar 24, 2025 8:57:28 PM org.eclipse.lsp4j.jsonrpc.services.GenericEndpoint notify
WARNING: Unsupported notification method: metals/windowStateDidChange
Mar 24, 2025 8:57:36 PM org.eclipse.lsp4j.jsonrpc.services.GenericEndpoint notify
WARNING: Unsupported notification method: metals/windowStateDidChange
Mar 24, 2025 8:57:58 PM org.eclipse.lsp4j.jsonrpc.services.GenericEndpoint notify
WARNING: Unsupported notification method: metals/windowStateDidChange
Mar 24, 2025 8:58:09 PM org.eclipse.lsp4j.jsonrpc.services.GenericEndpoint notify
WARNING: Unsupported notification method: metals/windowStateDidChange
Mar 24, 2025 8:58:27 PM org.eclipse.lsp4j.jsonrpc.services.GenericEndpoint notify
WARNING: Unsupported notification method: metals/windowStateDidChange
Mar 24, 2025 8:58:53 PM org.eclipse.lsp4j.jsonrpc.services.GenericEndpoint notify
WARNING: Unsupported notification method: metals/windowStateDidChange
Mar 24, 2025 8:59:21 PM org.eclipse.lsp4j.jsonrpc.services.GenericEndpoint notify
WARNING: Unsupported notification method: metals/windowStateDidChange
Mar 24, 2025 8:59:33 PM org.eclipse.lsp4j.jsonrpc.services.GenericEndpoint notify
WARNING: Unsupported notification method: metals/windowStateDidChange
Mar 24, 2025 8:59:40 PM org.eclipse.lsp4j.jsonrpc.services.GenericEndpoint notify
WARNING: Unsupported notification method: metals/windowStateDidChange
Mar 24, 2025 9:00:12 PM org.eclipse.lsp4j.jsonrpc.services.GenericEndpoint notify
WARNING: Unsupported notification method: metals/windowStateDidChange
Mar 24, 2025 9:00:14 PM org.eclipse.lsp4j.jsonrpc.services.GenericEndpoint notify
WARNING: Unsupported notification method: metals/windowStateDidChange
Mar 24, 2025 9:00:15 PM org.eclipse.lsp4j.jsonrpc.services.GenericEndpoint notify
WARNING: Unsupported notification method: metals/windowStateDidChange
Mar 24, 2025 9:00:28 PM org.eclipse.lsp4j.jsonrpc.services.GenericEndpoint notify
WARNING: Unsupported notification method: metals/windowStateDidChange
2025.03.24 21:00:33 INFO  compiling ldp-project-2 (1 scala source)
Mar 24, 2025 9:00:33 PM scala.meta.internal.metals.StdReporter $anonfun$create$1
SEVERE: empty definition using pc, found symbol in pc:  (full report at: /Users/harimkim/Documents/GitHub/LDP-Project-2/.metals/.reports/metals-full/2025-03-24/r_empty-definition_(ldp-project-2)_20-56-18-120.md)
2025.03.24 21:00:34 INFO  time: compiled ldp-project-2 in 1.02s
Mar 24, 2025 9:00:54 PM org.eclipse.lsp4j.jsonrpc.services.GenericEndpoint notify
WARNING: Unsupported notification method: metals/windowStateDidChange
Mar 24, 2025 9:01:17 PM org.eclipse.lsp4j.jsonrpc.services.GenericEndpoint notify
WARNING: Unsupported notification method: metals/windowStateDidChange
Mar 24, 2025 9:01:23 PM org.eclipse.lsp4j.jsonrpc.services.GenericEndpoint notify
WARNING: Unsupported notification method: metals/windowStateDidChange
Mar 24, 2025 9:01:40 PM org.eclipse.lsp4j.jsonrpc.services.GenericEndpoint notify
WARNING: Unsupported notification method: metals/windowStateDidChange
2025.03.24 21:01:42 INFO  time: code lens generation in 1.06s
Mar 24, 2025 9:01:46 PM org.eclipse.lsp4j.jsonrpc.services.GenericEndpoint notify
WARNING: Unsupported notification method: metals/windowStateDidChange
Mar 24, 2025 9:01:47 PM org.eclipse.lsp4j.jsonrpc.services.GenericEndpoint notify
WARNING: Unsupported notification method: metals/windowStateDidChange
Mar 24, 2025 9:01:48 PM org.eclipse.lsp4j.jsonrpc.services.GenericEndpoint notify
WARNING: Unsupported notification method: metals/windowStateDidChange
Mar 24, 2025 9:02:38 PM org.eclipse.lsp4j.jsonrpc.services.GenericEndpoint notify
WARNING: Unsupported notification method: metals/windowStateDidChange
Mar 24, 2025 9:02:43 PM org.eclipse.lsp4j.jsonrpc.services.GenericEndpoint notify
WARNING: Unsupported notification method: metals/windowStateDidChange
Mar 24, 2025 9:03:02 PM org.eclipse.lsp4j.jsonrpc.services.GenericEndpoint notify
WARNING: Unsupported notification method: metals/windowStateDidChange
Mar 24, 2025 9:03:05 PM org.eclipse.lsp4j.jsonrpc.services.GenericEndpoint notify
WARNING: Unsupported notification method: metals/windowStateDidChange
Mar 24, 2025 9:03:18 PM org.eclipse.lsp4j.jsonrpc.services.GenericEndpoint notify
WARNING: Unsupported notification method: metals/windowStateDidChange
Mar 24, 2025 9:03:29 PM org.eclipse.lsp4j.jsonrpc.services.GenericEndpoint notify
WARNING: Unsupported notification method: metals/windowStateDidChange
Mar 24, 2025 9:03:33 PM org.eclipse.lsp4j.jsonrpc.services.GenericEndpoint notify
WARNING: Unsupported notification method: metals/windowStateDidChange
Mar 24, 2025 9:03:34 PM scala.meta.internal.metals.StdReporter $anonfun$create$1
SEVERE: empty definition using pc, found symbol in pc:  (full report at: /Users/harimkim/Documents/GitHub/LDP-Project-2/.metals/.reports/metals-full/2025-03-24/r_empty-definition_(ldp-project-2)_20-56-18-120.md)
2025.03.24 21:03:36 INFO  compiling ldp-project-2 (1 scala source)
2025.03.24 21:03:36 WARN  Could not load snapshot text for /Users/harimkim/Documents/GitHub/LDP-Project-2/src/main/scala/project_2/main.scala
2025.03.24 21:03:38 INFO  time: compiled ldp-project-2 in 1.17s
Mar 24, 2025 9:03:38 PM org.eclipse.lsp4j.jsonrpc.services.GenericEndpoint notify
WARNING: Unsupported notification method: metals/windowStateDidChange
Mar 24, 2025 9:03:39 PM org.eclipse.lsp4j.jsonrpc.services.GenericEndpoint notify
WARNING: Unsupported notification method: metals/windowStateDidChange
2025.03.24 21:03:44 INFO  compiling ldp-project-2 (1 scala source)
2025.03.24 21:03:44 INFO  time: compiled ldp-project-2 in 0.91s
2025.03.24 21:04:10 INFO  compiling ldp-project-2 (1 scala source)
2025.03.24 21:04:10 INFO  time: compiled ldp-project-2 in 0.92s
2025.03.24 21:04:19 INFO  compiling ldp-project-2 (1 scala source)
2025.03.24 21:04:19 INFO  time: compiled ldp-project-2 in 0.92s
2025.03.24 21:04:28 INFO  Shutting down server
2025.03.24 21:04:28 INFO  shutting down Metals
2025.03.24 21:04:28 INFO  Shut down connection with build server.
2025.03.24 21:04:28 INFO  Shut down connection with build server.
2025.03.24 21:04:29 INFO  Exiting server
2025.03.24 21:05:15 INFO  Started: Metals version 1.5.1 in folders '/Users/harimkim/Documents/GitHub/LDP-Project-2' for client Visual Studio Code 1.96.0.
2025.03.24 21:05:17 INFO  no build target found for /Users/harimkim/Documents/GitHub/LDP-Project-2/src/main/scala/project_2/main.scala. Using presentation compiler with project's scala-library version: 3.3.4
2025.03.24 21:05:17 INFO  Attempting to connect to the build server...
2025.03.24 21:05:17 INFO  Found a Bloop server running
2025.03.24 21:05:17 INFO  tracing is disabled for protocol BSP, to enable tracing of incoming and outgoing JSON messages create an empty file at /Users/harimkim/Documents/GitHub/LDP-Project-2/.metals/bsp.trace.json or /Users/harimkim/Library/Caches/org.scalameta.metals/bsp.trace.json
2025.03.24 21:05:17 INFO  Attempting to connect to the build server...
2025.03.24 21:05:17 INFO  Found a Bloop server running
2025.03.24 21:05:17 INFO  tracing is disabled for protocol BSP, to enable tracing of incoming and outgoing JSON messages create an empty file at /Users/harimkim/Documents/GitHub/LDP-Project-2/project/.metals/bsp.trace.json or /Users/harimkim/Library/Caches/org.scalameta.metals/bsp.trace.json
2025.03.24 21:05:17 INFO  time: Connected to build server in 0.34s
2025.03.24 21:05:17 INFO  Connected to Build server: Bloop v2.0.8
2025.03.24 21:05:18 INFO  running doctor check
2025.03.24 21:05:18 INFO  java targets: ldp-project-2-build, ldp-project-2, ldp-project-2-test
2025.03.24 21:05:18 WARN  2.12.10 is no longer supported in the current Metals versions, using the last known supported version 0.11.12
Mar 24, 2025 9:05:20 PM org.eclipse.lsp4j.jsonrpc.RemoteEndpoint handleCancellation
WARNING: Unmatched cancel notification for request id 4
Mar 24, 2025 9:05:20 PM org.eclipse.lsp4j.jsonrpc.services.GenericEndpoint notify
INFO: Unsupported notification method: $/setTrace
Mar 24, 2025 9:05:20 PM org.eclipse.lsp4j.jsonrpc.services.GenericEndpoint notify
INFO: Unsupported notification method: $/setTrace
Mar 24, 2025 9:05:20 PM org.eclipse.lsp4j.jsonrpc.services.GenericEndpoint notify
INFO: Unsupported notification method: $/setTrace
2025.03.24 21:05:24 INFO  time: indexed workspace in 6.59s
Mar 24, 2025 9:06:45 PM org.eclipse.lsp4j.jsonrpc.services.GenericEndpoint notify
WARNING: Unsupported notification method: metals/windowStateDidChange
Mar 24, 2025 9:06:50 PM org.eclipse.lsp4j.jsonrpc.services.GenericEndpoint notify
WARNING: Unsupported notification method: metals/windowStateDidChange
Mar 24, 2025 9:07:04 PM org.eclipse.lsp4j.jsonrpc.services.GenericEndpoint notify
WARNING: Unsupported notification method: metals/windowStateDidChange
Mar 24, 2025 9:07:30 PM org.eclipse.lsp4j.jsonrpc.services.GenericEndpoint notify
WARNING: Unsupported notification method: metals/windowStateDidChange
Mar 24, 2025 9:07:36 PM org.eclipse.lsp4j.jsonrpc.services.GenericEndpoint notify
WARNING: Unsupported notification method: metals/windowStateDidChange
Mar 24, 2025 9:07:54 PM org.eclipse.lsp4j.jsonrpc.services.GenericEndpoint notify
WARNING: Unsupported notification method: metals/windowStateDidChange
Mar 24, 2025 9:08:10 PM org.eclipse.lsp4j.jsonrpc.services.GenericEndpoint notify
WARNING: Unsupported notification method: metals/windowStateDidChange
Mar 24, 2025 9:08:16 PM org.eclipse.lsp4j.jsonrpc.services.GenericEndpoint notify
WARNING: Unsupported notification method: metals/windowStateDidChange
Mar 24, 2025 9:08:17 PM org.eclipse.lsp4j.jsonrpc.services.GenericEndpoint notify
WARNING: Unsupported notification method: metals/windowStateDidChange
Mar 24, 2025 9:08:47 PM org.eclipse.lsp4j.jsonrpc.services.GenericEndpoint notify
WARNING: Unsupported notification method: metals/windowStateDidChange
Mar 24, 2025 9:09:32 PM org.eclipse.lsp4j.jsonrpc.services.GenericEndpoint notify
WARNING: Unsupported notification method: metals/windowStateDidChange
Mar 24, 2025 9:11:14 PM org.eclipse.lsp4j.jsonrpc.services.GenericEndpoint notify
WARNING: Unsupported notification method: metals/windowStateDidChange
Mar 24, 2025 9:11:20 PM org.eclipse.lsp4j.jsonrpc.services.GenericEndpoint notify
WARNING: Unsupported notification method: metals/windowStateDidChange
Mar 24, 2025 9:11:21 PM org.eclipse.lsp4j.jsonrpc.services.GenericEndpoint notify
WARNING: Unsupported notification method: metals/windowStateDidChange
Mar 24, 2025 9:11:26 PM org.eclipse.lsp4j.jsonrpc.services.GenericEndpoint notify
WARNING: Unsupported notification method: metals/windowStateDidChange
Mar 24, 2025 9:11:27 PM org.eclipse.lsp4j.jsonrpc.services.GenericEndpoint notify
WARNING: Unsupported notification method: metals/windowStateDidChange
Mar 24, 2025 9:12:12 PM org.eclipse.lsp4j.jsonrpc.services.GenericEndpoint notify
WARNING: Unsupported notification method: metals/windowStateDidChange
Mar 24, 2025 9:12:26 PM org.eclipse.lsp4j.jsonrpc.services.GenericEndpoint notify
WARNING: Unsupported notification method: metals/windowStateDidChange
Mar 24, 2025 9:12:35 PM org.eclipse.lsp4j.jsonrpc.services.GenericEndpoint notify
WARNING: Unsupported notification method: metals/windowStateDidChange
Mar 24, 2025 9:13:04 PM org.eclipse.lsp4j.jsonrpc.services.GenericEndpoint notify
WARNING: Unsupported notification method: metals/windowStateDidChange
Mar 24, 2025 9:13:08 PM org.eclipse.lsp4j.jsonrpc.services.GenericEndpoint notify
WARNING: Unsupported notification method: metals/windowStateDidChange
Mar 24, 2025 9:13:10 PM org.eclipse.lsp4j.jsonrpc.services.GenericEndpoint notify
WARNING: Unsupported notification method: metals/windowStateDidChange
Mar 24, 2025 9:13:14 PM org.eclipse.lsp4j.jsonrpc.services.GenericEndpoint notify
WARNING: Unsupported notification method: metals/windowStateDidChange
Mar 24, 2025 9:13:35 PM org.eclipse.lsp4j.jsonrpc.services.GenericEndpoint notify
WARNING: Unsupported notification method: metals/windowStateDidChange
Mar 24, 2025 9:13:38 PM org.eclipse.lsp4j.jsonrpc.services.GenericEndpoint notify
WARNING: Unsupported notification method: metals/windowStateDidChange
Mar 24, 2025 9:13:57 PM org.eclipse.lsp4j.jsonrpc.services.GenericEndpoint notify
WARNING: Unsupported notification method: metals/windowStateDidChange
Mar 24, 2025 9:14:11 PM org.eclipse.lsp4j.jsonrpc.services.GenericEndpoint notify
WARNING: Unsupported notification method: metals/windowStateDidChange
Mar 24, 2025 9:14:16 PM org.eclipse.lsp4j.jsonrpc.services.GenericEndpoint notify
WARNING: Unsupported notification method: metals/windowStateDidChange
Mar 24, 2025 9:14:19 PM org.eclipse.lsp4j.jsonrpc.services.GenericEndpoint notify
WARNING: Unsupported notification method: metals/windowStateDidChange
Mar 24, 2025 9:14:20 PM org.eclipse.lsp4j.jsonrpc.services.GenericEndpoint notify
WARNING: Unsupported notification method: metals/windowStateDidChange
Mar 24, 2025 9:14:28 PM org.eclipse.lsp4j.jsonrpc.services.GenericEndpoint notify
WARNING: Unsupported notification method: metals/windowStateDidChange
Mar 24, 2025 9:15:10 PM org.eclipse.lsp4j.jsonrpc.services.GenericEndpoint notify
WARNING: Unsupported notification method: metals/windowStateDidChange
Mar 24, 2025 9:15:35 PM org.eclipse.lsp4j.jsonrpc.services.GenericEndpoint notify
WARNING: Unsupported notification method: metals/windowStateDidChange
Mar 24, 2025 9:15:51 PM org.eclipse.lsp4j.jsonrpc.services.GenericEndpoint notify
WARNING: Unsupported notification method: metals/windowStateDidChange
Mar 24, 2025 9:15:56 PM org.eclipse.lsp4j.jsonrpc.services.GenericEndpoint notify
WARNING: Unsupported notification method: metals/windowStateDidChange
Mar 24, 2025 9:16:19 PM org.eclipse.lsp4j.jsonrpc.services.GenericEndpoint notify
WARNING: Unsupported notification method: metals/windowStateDidChange
Mar 24, 2025 9:16:50 PM org.eclipse.lsp4j.jsonrpc.services.GenericEndpoint notify
WARNING: Unsupported notification method: metals/windowStateDidChange
Mar 24, 2025 9:16:52 PM org.eclipse.lsp4j.jsonrpc.services.GenericEndpoint notify
WARNING: Unsupported notification method: metals/windowStateDidChange
Mar 24, 2025 9:16:54 PM org.eclipse.lsp4j.jsonrpc.services.GenericEndpoint notify
WARNING: Unsupported notification method: metals/windowStateDidChange
Mar 24, 2025 9:17:10 PM org.eclipse.lsp4j.jsonrpc.services.GenericEndpoint notify
WARNING: Unsupported notification method: metals/windowStateDidChange
Mar 24, 2025 9:17:31 PM org.eclipse.lsp4j.jsonrpc.services.GenericEndpoint notify
WARNING: Unsupported notification method: metals/windowStateDidChange
Mar 24, 2025 9:18:15 PM org.eclipse.lsp4j.jsonrpc.services.GenericEndpoint notify
WARNING: Unsupported notification method: metals/windowStateDidChange
Mar 24, 2025 9:18:26 PM org.eclipse.lsp4j.jsonrpc.services.GenericEndpoint notify
WARNING: Unsupported notification method: metals/windowStateDidChange
Mar 24, 2025 9:18:28 PM org.eclipse.lsp4j.jsonrpc.services.GenericEndpoint notify
WARNING: Unsupported notification method: metals/windowStateDidChange
Mar 24, 2025 9:18:51 PM org.eclipse.lsp4j.jsonrpc.services.GenericEndpoint notify
WARNING: Unsupported notification method: metals/windowStateDidChange
Mar 24, 2025 9:18:58 PM org.eclipse.lsp4j.jsonrpc.services.GenericEndpoint notify
WARNING: Unsupported notification method: metals/windowStateDidChange
Mar 24, 2025 9:19:19 PM org.eclipse.lsp4j.jsonrpc.services.GenericEndpoint notify
WARNING: Unsupported notification method: metals/windowStateDidChange
Mar 24, 2025 9:19:28 PM org.eclipse.lsp4j.jsonrpc.services.GenericEndpoint notify
WARNING: Unsupported notification method: metals/windowStateDidChange
Mar 24, 2025 9:19:30 PM org.eclipse.lsp4j.jsonrpc.services.GenericEndpoint notify
WARNING: Unsupported notification method: metals/windowStateDidChange
Mar 24, 2025 9:19:44 PM org.eclipse.lsp4j.jsonrpc.services.GenericEndpoint notify
WARNING: Unsupported notification method: metals/windowStateDidChange
Mar 24, 2025 9:20:25 PM org.eclipse.lsp4j.jsonrpc.services.GenericEndpoint notify
WARNING: Unsupported notification method: metals/windowStateDidChange
Mar 24, 2025 9:21:06 PM org.eclipse.lsp4j.jsonrpc.services.GenericEndpoint notify
WARNING: Unsupported notification method: metals/windowStateDidChange
Mar 24, 2025 9:21:56 PM org.eclipse.lsp4j.jsonrpc.services.GenericEndpoint notify
WARNING: Unsupported notification method: metals/windowStateDidChange
Mar 24, 2025 9:21:58 PM org.eclipse.lsp4j.jsonrpc.services.GenericEndpoint notify
WARNING: Unsupported notification method: metals/windowStateDidChange
Mar 24, 2025 9:22:46 PM org.eclipse.lsp4j.jsonrpc.services.GenericEndpoint notify
WARNING: Unsupported notification method: metals/windowStateDidChange
Mar 24, 2025 9:22:46 PM org.eclipse.lsp4j.jsonrpc.services.GenericEndpoint notify
WARNING: Unsupported notification method: metals/windowStateDidChange
Mar 24, 2025 9:23:05 PM org.eclipse.lsp4j.jsonrpc.services.GenericEndpoint notify
WARNING: Unsupported notification method: metals/windowStateDidChange
Mar 24, 2025 9:23:08 PM org.eclipse.lsp4j.jsonrpc.services.GenericEndpoint notify
WARNING: Unsupported notification method: metals/windowStateDidChange
Mar 24, 2025 9:23:14 PM org.eclipse.lsp4j.jsonrpc.services.GenericEndpoint notify
WARNING: Unsupported notification method: metals/windowStateDidChange
Mar 24, 2025 9:23:16 PM org.eclipse.lsp4j.jsonrpc.services.GenericEndpoint notify
WARNING: Unsupported notification method: metals/windowStateDidChange
2025.03.24 21:23:17 INFO  compiling ldp-project-2 (1 scala source)
2025.03.24 21:23:17 INFO  time: compiled ldp-project-2 in 0.89s
2025.03.24 21:23:23 INFO  compiling ldp-project-2 (1 scala source)
2025.03.24 21:23:23 INFO  time: compiled ldp-project-2 in 0.8s
Mar 24, 2025 9:23:24 PM org.eclipse.lsp4j.jsonrpc.services.GenericEndpoint notify
WARNING: Unsupported notification method: metals/windowStateDidChange
Mar 24, 2025 9:23:41 PM org.eclipse.lsp4j.jsonrpc.services.GenericEndpoint notify
WARNING: Unsupported notification method: metals/windowStateDidChange
Mar 24, 2025 9:23:45 PM org.eclipse.lsp4j.jsonrpc.services.GenericEndpoint notify
WARNING: Unsupported notification method: metals/windowStateDidChange
Mar 24, 2025 9:24:11 PM org.eclipse.lsp4j.jsonrpc.services.GenericEndpoint notify
WARNING: Unsupported notification method: metals/windowStateDidChange
Mar 24, 2025 9:24:15 PM org.eclipse.lsp4j.jsonrpc.services.GenericEndpoint notify
WARNING: Unsupported notification method: metals/windowStateDidChange
Mar 24, 2025 9:24:53 PM org.eclipse.lsp4j.jsonrpc.services.GenericEndpoint notify
INFO: Unsupported notification method: $/setTrace
Mar 24, 2025 9:24:58 PM org.eclipse.lsp4j.jsonrpc.services.GenericEndpoint notify
WARNING: Unsupported notification method: metals/windowStateDidChange
Mar 24, 2025 9:25:26 PM org.eclipse.lsp4j.jsonrpc.services.GenericEndpoint notify
WARNING: Unsupported notification method: metals/windowStateDidChange
Mar 24, 2025 9:25:27 PM org.eclipse.lsp4j.jsonrpc.services.GenericEndpoint notify
WARNING: Unsupported notification method: metals/windowStateDidChange
Mar 24, 2025 9:25:28 PM org.eclipse.lsp4j.jsonrpc.services.GenericEndpoint notify
WARNING: Unsupported notification method: metals/windowStateDidChange
Mar 24, 2025 9:25:31 PM org.eclipse.lsp4j.jsonrpc.services.GenericEndpoint notify
WARNING: Unsupported notification method: metals/windowStateDidChange
Mar 24, 2025 9:25:32 PM org.eclipse.lsp4j.jsonrpc.services.GenericEndpoint notify
WARNING: Unsupported notification method: metals/windowStateDidChange
Mar 24, 2025 9:25:35 PM org.eclipse.lsp4j.jsonrpc.services.GenericEndpoint notify
WARNING: Unsupported notification method: metals/windowStateDidChange
Mar 24, 2025 9:25:39 PM org.eclipse.lsp4j.jsonrpc.services.GenericEndpoint notify
WARNING: Unsupported notification method: metals/windowStateDidChange
Mar 24, 2025 9:25:40 PM org.eclipse.lsp4j.jsonrpc.services.GenericEndpoint notify
WARNING: Unsupported notification method: metals/windowStateDidChange
Mar 24, 2025 9:25:43 PM org.eclipse.lsp4j.jsonrpc.services.GenericEndpoint notify
WARNING: Unsupported notification method: metals/windowStateDidChange
Mar 24, 2025 9:25:45 PM org.eclipse.lsp4j.jsonrpc.services.GenericEndpoint notify
WARNING: Unsupported notification method: metals/windowStateDidChange
Mar 24, 2025 9:25:51 PM org.eclipse.lsp4j.jsonrpc.services.GenericEndpoint notify
WARNING: Unsupported notification method: metals/windowStateDidChange
Mar 24, 2025 9:25:53 PM org.eclipse.lsp4j.jsonrpc.services.GenericEndpoint notify
WARNING: Unsupported notification method: metals/windowStateDidChange
Mar 24, 2025 9:25:57 PM org.eclipse.lsp4j.jsonrpc.services.GenericEndpoint notify
WARNING: Unsupported notification method: metals/windowStateDidChange
Mar 24, 2025 9:25:58 PM org.eclipse.lsp4j.jsonrpc.services.GenericEndpoint notify
WARNING: Unsupported notification method: metals/windowStateDidChange
Mar 24, 2025 9:26:04 PM org.eclipse.lsp4j.jsonrpc.services.GenericEndpoint notify
WARNING: Unsupported notification method: metals/windowStateDidChange
Mar 24, 2025 9:26:06 PM org.eclipse.lsp4j.jsonrpc.services.GenericEndpoint notify
WARNING: Unsupported notification method: metals/windowStateDidChange
Mar 24, 2025 9:26:08 PM org.eclipse.lsp4j.jsonrpc.services.GenericEndpoint notify
WARNING: Unsupported notification method: metals/windowStateDidChange
Mar 24, 2025 9:26:10 PM org.eclipse.lsp4j.jsonrpc.services.GenericEndpoint notify
WARNING: Unsupported notification method: metals/windowStateDidChange
Mar 24, 2025 9:26:11 PM org.eclipse.lsp4j.jsonrpc.services.GenericEndpoint notify
WARNING: Unsupported notification method: metals/windowStateDidChange
Mar 24, 2025 9:26:14 PM org.eclipse.lsp4j.jsonrpc.services.GenericEndpoint notify
WARNING: Unsupported notification method: metals/windowStateDidChange
Mar 24, 2025 9:26:17 PM org.eclipse.lsp4j.jsonrpc.services.GenericEndpoint notify
WARNING: Unsupported notification method: metals/windowStateDidChange
Mar 24, 2025 9:26:19 PM org.eclipse.lsp4j.jsonrpc.services.GenericEndpoint notify
WARNING: Unsupported notification method: metals/windowStateDidChange
Mar 24, 2025 9:26:22 PM org.eclipse.lsp4j.jsonrpc.services.GenericEndpoint notify
WARNING: Unsupported notification method: metals/windowStateDidChange
Mar 24, 2025 9:26:25 PM org.eclipse.lsp4j.jsonrpc.services.GenericEndpoint notify
WARNING: Unsupported notification method: metals/windowStateDidChange
Mar 24, 2025 9:26:27 PM org.eclipse.lsp4j.jsonrpc.services.GenericEndpoint notify
WARNING: Unsupported notification method: metals/windowStateDidChange
Mar 24, 2025 9:26:29 PM org.eclipse.lsp4j.jsonrpc.services.GenericEndpoint notify
WARNING: Unsupported notification method: metals/windowStateDidChange
Mar 24, 2025 9:26:31 PM org.eclipse.lsp4j.jsonrpc.RemoteEndpoint handleCancellation
WARNING: Unmatched cancel notification for request id 255
Mar 24, 2025 9:26:34 PM org.eclipse.lsp4j.jsonrpc.services.GenericEndpoint notify
WARNING: Unsupported notification method: metals/windowStateDidChange
Mar 24, 2025 9:26:36 PM org.eclipse.lsp4j.jsonrpc.services.GenericEndpoint notify
WARNING: Unsupported notification method: metals/windowStateDidChange
Mar 24, 2025 9:26:44 PM org.eclipse.lsp4j.jsonrpc.services.GenericEndpoint notify
WARNING: Unsupported notification method: metals/windowStateDidChange
Mar 24, 2025 9:26:45 PM org.eclipse.lsp4j.jsonrpc.services.GenericEndpoint notify
WARNING: Unsupported notification method: metals/windowStateDidChange
Mar 24, 2025 9:26:49 PM org.eclipse.lsp4j.jsonrpc.services.GenericEndpoint notify
WARNING: Unsupported notification method: metals/windowStateDidChange
Mar 24, 2025 9:26:51 PM org.eclipse.lsp4j.jsonrpc.services.GenericEndpoint notify
WARNING: Unsupported notification method: metals/windowStateDidChange
Mar 24, 2025 9:26:54 PM org.eclipse.lsp4j.jsonrpc.services.GenericEndpoint notify
WARNING: Unsupported notification method: metals/windowStateDidChange
Mar 24, 2025 9:26:55 PM org.eclipse.lsp4j.jsonrpc.services.GenericEndpoint notify
WARNING: Unsupported notification method: metals/windowStateDidChange
Mar 24, 2025 9:26:57 PM org.eclipse.lsp4j.jsonrpc.services.GenericEndpoint notify
WARNING: Unsupported notification method: metals/windowStateDidChange
Mar 24, 2025 9:26:58 PM org.eclipse.lsp4j.jsonrpc.services.GenericEndpoint notify
WARNING: Unsupported notification method: metals/windowStateDidChange
Mar 24, 2025 9:27:01 PM org.eclipse.lsp4j.jsonrpc.services.GenericEndpoint notify
WARNING: Unsupported notification method: metals/windowStateDidChange
Mar 24, 2025 9:27:04 PM org.eclipse.lsp4j.jsonrpc.services.GenericEndpoint notify
WARNING: Unsupported notification method: metals/windowStateDidChange
Mar 24, 2025 9:27:07 PM org.eclipse.lsp4j.jsonrpc.services.GenericEndpoint notify
WARNING: Unsupported notification method: metals/windowStateDidChange
Mar 24, 2025 9:27:08 PM org.eclipse.lsp4j.jsonrpc.services.GenericEndpoint notify
WARNING: Unsupported notification method: metals/windowStateDidChange
Mar 24, 2025 9:27:20 PM org.eclipse.lsp4j.jsonrpc.services.GenericEndpoint notify
WARNING: Unsupported notification method: metals/windowStateDidChange
Mar 24, 2025 9:27:23 PM org.eclipse.lsp4j.jsonrpc.services.GenericEndpoint notify
WARNING: Unsupported notification method: metals/windowStateDidChange
Mar 24, 2025 9:27:24 PM org.eclipse.lsp4j.jsonrpc.services.GenericEndpoint notify
WARNING: Unsupported notification method: metals/windowStateDidChange
Mar 24, 2025 9:27:45 PM org.eclipse.lsp4j.jsonrpc.services.GenericEndpoint notify
WARNING: Unsupported notification method: metals/windowStateDidChange
2025.03.24 21:27:59 INFO  compiling ldp-project-2 (1 scala source)
2025.03.24 21:27:59 INFO  time: compiled ldp-project-2 in 0.88s
2025.03.24 21:28:04 INFO  compiling ldp-project-2 (1 scala source)
2025.03.24 21:28:04 INFO  time: compiled ldp-project-2 in 0.79s
2025.03.24 21:28:09 INFO  compiling ldp-project-2 (1 scala source)
2025.03.24 21:28:09 INFO  time: compiled ldp-project-2 in 0.77s
2025.03.24 21:28:13 INFO  compiling ldp-project-2 (1 scala source)
2025.03.24 21:28:13 INFO  time: compiled ldp-project-2 in 0.8s
2025.03.24 21:28:22 INFO  compiling ldp-project-2 (1 scala source)
2025.03.24 21:28:22 INFO  time: compiled ldp-project-2 in 0.79s
Mar 24, 2025 9:28:55 PM org.eclipse.lsp4j.jsonrpc.services.GenericEndpoint notify
WARNING: Unsupported notification method: metals/windowStateDidChange
Mar 24, 2025 9:29:41 PM org.eclipse.lsp4j.jsonrpc.services.GenericEndpoint notify
WARNING: Unsupported notification method: metals/windowStateDidChange
Mar 24, 2025 9:30:26 PM org.eclipse.lsp4j.jsonrpc.services.GenericEndpoint notify
WARNING: Unsupported notification method: metals/windowStateDidChange
Mar 24, 2025 9:30:27 PM org.eclipse.lsp4j.jsonrpc.services.GenericEndpoint notify
WARNING: Unsupported notification method: metals/windowStateDidChange
Mar 24, 2025 9:37:13 PM org.eclipse.lsp4j.jsonrpc.services.GenericEndpoint notify
WARNING: Unsupported notification method: metals/windowStateDidChange
Mar 24, 2025 9:37:19 PM org.eclipse.lsp4j.jsonrpc.services.GenericEndpoint notify
WARNING: Unsupported notification method: metals/windowStateDidChange
Mar 26, 2025 3:56:00 PM org.eclipse.lsp4j.jsonrpc.services.GenericEndpoint notify
WARNING: Unsupported notification method: metals/windowStateDidChange
Mar 26, 2025 3:56:00 PM org.eclipse.lsp4j.jsonrpc.services.GenericEndpoint notify
WARNING: Unsupported notification method: metals/windowStateDidChange
2025.03.26 15:56:02 INFO  Shutting down server
2025.03.26 15:56:02 INFO  shutting down Metals
2025.03.26 15:56:02 INFO  Shut down connection with build server.
2025.03.26 15:56:02 INFO  Shut down connection with build server.
2025.03.26 15:56:03 INFO  Exiting server
2025.03.28 17:50:20 INFO  Started: Metals version 1.5.2 in folders '/Users/harimkim/Documents/GitHub/LDP-Project-2' for client Visual Studio Code 1.96.0.
2025.03.28 17:50:20 INFO  Attempting to connect to the build server...
2025.03.28 17:50:20 INFO  Found a Bloop server running
2025.03.28 17:50:21 INFO  tracing is disabled for protocol BSP, to enable tracing of incoming and outgoing JSON messages create an empty file at /Users/harimkim/Documents/GitHub/LDP-Project-2/.metals/bsp.trace.json or /Users/harimkim/Library/Caches/org.scalameta.metals/bsp.trace.json
2025.03.28 17:50:21 INFO  Attempting to connect to the build server...
2025.03.28 17:50:21 INFO  Found a Bloop server running
2025.03.28 17:50:21 INFO  tracing is disabled for protocol BSP, to enable tracing of incoming and outgoing JSON messages create an empty file at /Users/harimkim/Documents/GitHub/LDP-Project-2/project/.metals/bsp.trace.json or /Users/harimkim/Library/Caches/org.scalameta.metals/bsp.trace.json
2025.03.28 17:50:21 INFO  no build target found for /Users/harimkim/Documents/GitHub/LDP-Project-2/src/main/scala/project_2/main.scala. Using presentation compiler with project's scala-library version: 3.3.5
2025.03.28 17:50:21 INFO  time: Connected to build server in 1.04s
2025.03.28 17:50:21 INFO  Connected to Build server: Bloop v2.0.8
2025.03.28 17:50:23 WARN  2.12.10 is no longer supported in the current Metals versions, using the last known supported version 0.11.12
2025.03.28 17:50:27 INFO  time: indexed workspace in 4.48s
2025.03.28 17:50:27 INFO  compiling ldp-project-2 (1 scala source)
2025.03.28 17:50:28 INFO  time: compiled ldp-project-2 in 1.33s
Mar 28, 2025 5:50:48 PM org.eclipse.lsp4j.jsonrpc.services.GenericEndpoint notify
INFO: Unsupported notification method: $/setTrace
Mar 28, 2025 5:51:00 PM org.eclipse.lsp4j.jsonrpc.services.GenericEndpoint notify
INFO: Unsupported notification method: $/setTrace
Mar 28, 2025 5:51:07 PM org.eclipse.lsp4j.jsonrpc.services.GenericEndpoint notify
INFO: Unsupported notification method: $/setTrace
Mar 28, 2025 6:14:46 PM org.eclipse.lsp4j.jsonrpc.services.GenericEndpoint notify
INFO: Unsupported notification method: $/setTrace
Mar 28, 2025 6:27:47 PM org.eclipse.lsp4j.jsonrpc.RemoteEndpoint handleCancellation
WARNING: Unmatched cancel notification for request id 52
Mar 28, 2025 6:27:47 PM org.eclipse.lsp4j.jsonrpc.RemoteEndpoint handleCancellation
WARNING: Unmatched cancel notification for request id 53
Mar 28, 2025 6:27:48 PM scala.meta.internal.metals.StdReporter $anonfun$create$1
WARNING: empty definition using pc, found symbol in pc:  (full report at: /Users/harimkim/Documents/GitHub/LDP-Project-2/.metals/.reports/metals-full/2025-03-24/r_empty-definition_(ldp-project-2)_20-56-18-120.md)
2025.03.28 18:27:56 INFO  compiling ldp-project-2 (1 scala source)
2025.03.28 18:27:57 INFO  time: compiled ldp-project-2 in 1.03s
2025.03.28 18:33:45 INFO  compiling ldp-project-2 (1 scala source)
2025.03.28 18:33:45 INFO  time: compiled ldp-project-2 in 0.22s
Mar 28, 2025 6:34:16 PM scala.meta.internal.pc.CompilerAccess retryWithCleanCompiler
INFO: compiler crashed due to an error in the Scala compiler, retrying with new compiler instance.
Mar 28, 2025 6:34:16 PM scala.meta.internal.pc.CompilerAccess handleError
SEVERE: Position.point on NoPosition
java.lang.UnsupportedOperationException: Position.point on NoPosition
	at scala.reflect.internal.util.Position.fail(Position.scala:24)
	at scala.reflect.internal.util.UndefinedPosition.point(Position.scala:102)
	at scala.reflect.internal.util.UndefinedPosition.point(Position.scala:97)
	at scala.meta.internal.pc.PcCollector.$anonfun$resultWithSought$5(PcCollector.scala:239)
	at scala.meta.internal.pc.PcCollector.$anonfun$resultWithSought$5$adapted(PcCollector.scala:239)
	at scala.collection.immutable.Set$Set4.exists(Set.scala:211)
	at scala.meta.internal.pc.PcCollector.isForComprehensionOwner$1(PcCollector.scala:239)
	at scala.meta.internal.pc.PcCollector.soughtTreeFilter$1(PcCollector.scala:257)
	at scala.meta.internal.pc.PcCollector.$anonfun$resultWithSought$9(PcCollector.scala:271)
	at scala.meta.internal.pc.PcCollector.$anonfun$resultWithSought$9$adapted(PcCollector.scala:271)
	at scala.meta.internal.pc.PcCollector.traverseWithParent$1(PcCollector.scala:340)
	at scala.meta.internal.pc.PcCollector.$anonfun$traverseSought$1(PcCollector.scala:293)
	at scala.meta.internal.pc.PcCollector.$anonfun$traverseSought$18(PcCollector.scala:452)
	at scala.collection.LinearSeqOptimized.foldLeft(LinearSeqOptimized.scala:126)
	at scala.collection.LinearSeqOptimized.foldLeft$(LinearSeqOptimized.scala:122)
	at scala.collection.immutable.List.foldLeft(List.scala:89)
	at scala.meta.internal.pc.PcCollector.traverseWithParent$1(PcCollector.scala:452)
	at scala.meta.internal.pc.PcCollector.$anonfun$traverseSought$1(PcCollector.scala:293)
	at scala.meta.internal.pc.PcCollector.$anonfun$traverseSought$18(PcCollector.scala:452)
	at scala.collection.LinearSeqOptimized.foldLeft(LinearSeqOptimized.scala:126)
	at scala.collection.LinearSeqOptimized.foldLeft$(LinearSeqOptimized.scala:122)
	at scala.collection.immutable.List.foldLeft(List.scala:89)
	at scala.meta.internal.pc.PcCollector.traverseWithParent$1(PcCollector.scala:452)
	at scala.meta.internal.pc.PcCollector.$anonfun$traverseSought$1(PcCollector.scala:293)
	at scala.meta.internal.pc.PcCollector.$anonfun$traverseSought$18(PcCollector.scala:452)
	at scala.collection.LinearSeqOptimized.foldLeft(LinearSeqOptimized.scala:126)
	at scala.collection.LinearSeqOptimized.foldLeft$(LinearSeqOptimized.scala:122)
	at scala.collection.immutable.List.foldLeft(List.scala:89)
	at scala.meta.internal.pc.PcCollector.traverseWithParent$1(PcCollector.scala:452)
	at scala.meta.internal.pc.PcCollector.$anonfun$traverseSought$1(PcCollector.scala:293)
	at scala.meta.internal.pc.PcCollector.$anonfun$traverseSought$18(PcCollector.scala:452)
	at scala.collection.LinearSeqOptimized.foldLeft(LinearSeqOptimized.scala:126)
	at scala.collection.LinearSeqOptimized.foldLeft$(LinearSeqOptimized.scala:122)
	at scala.collection.immutable.List.foldLeft(List.scala:89)
	at scala.meta.internal.pc.PcCollector.traverseWithParent$1(PcCollector.scala:452)
	at scala.meta.internal.pc.PcCollector.$anonfun$traverseSought$1(PcCollector.scala:293)
	at scala.meta.internal.pc.PcCollector.$anonfun$traverseSought$10(PcCollector.scala:401)
	at scala.collection.LinearSeqOptimized.foldLeft(LinearSeqOptimized.scala:126)
	at scala.collection.LinearSeqOptimized.foldLeft$(LinearSeqOptimized.scala:122)
	at scala.collection.immutable.List.foldLeft(List.scala:89)
	at scala.meta.internal.pc.PcCollector.traverseWithParent$1(PcCollector.scala:401)
	at scala.meta.internal.pc.PcCollector.$anonfun$traverseSought$1(PcCollector.scala:293)
	at scala.meta.internal.pc.PcCollector.$anonfun$traverseSought$18(PcCollector.scala:452)
	at scala.collection.LinearSeqOptimized.foldLeft(LinearSeqOptimized.scala:126)
	at scala.collection.LinearSeqOptimized.foldLeft$(LinearSeqOptimized.scala:122)
	at scala.collection.immutable.List.foldLeft(List.scala:89)
	at scala.meta.internal.pc.PcCollector.traverseWithParent$1(PcCollector.scala:452)
	at scala.meta.internal.pc.PcCollector.$anonfun$traverseSought$1(PcCollector.scala:293)
	at scala.meta.internal.pc.PcCollector.$anonfun$traverseSought$10(PcCollector.scala:401)
	at scala.collection.LinearSeqOptimized.foldLeft(LinearSeqOptimized.scala:126)
	at scala.collection.LinearSeqOptimized.foldLeft$(LinearSeqOptimized.scala:122)
	at scala.collection.immutable.List.foldLeft(List.scala:89)
	at scala.meta.internal.pc.PcCollector.traverseWithParent$1(PcCollector.scala:401)
	at scala.meta.internal.pc.PcCollector.$anonfun$traverseSought$1(PcCollector.scala:293)
	at scala.meta.internal.pc.PcCollector.$anonfun$traverseSought$18(PcCollector.scala:452)
	at scala.collection.LinearSeqOptimized.foldLeft(LinearSeqOptimized.scala:126)
	at scala.collection.LinearSeqOptimized.foldLeft$(LinearSeqOptimized.scala:122)
	at scala.collection.immutable.List.foldLeft(List.scala:89)
	at scala.meta.internal.pc.PcCollector.traverseWithParent$1(PcCollector.scala:452)
	at scala.meta.internal.pc.PcCollector.$anonfun$traverseSought$1(PcCollector.scala:293)
	at scala.meta.internal.pc.PcCollector.$anonfun$traverseSought$10(PcCollector.scala:401)
	at scala.collection.LinearSeqOptimized.foldLeft(LinearSeqOptimized.scala:126)
	at scala.collection.LinearSeqOptimized.foldLeft$(LinearSeqOptimized.scala:122)
	at scala.collection.immutable.List.foldLeft(List.scala:89)
	at scala.meta.internal.pc.PcCollector.traverseWithParent$1(PcCollector.scala:401)
	at scala.meta.internal.pc.PcCollector.$anonfun$traverseSought$1(PcCollector.scala:293)
	at scala.meta.internal.pc.PcCollector.$anonfun$traverseSought$10(PcCollector.scala:401)
	at scala.collection.LinearSeqOptimized.foldLeft(LinearSeqOptimized.scala:126)
	at scala.collection.LinearSeqOptimized.foldLeft$(LinearSeqOptimized.scala:122)
	at scala.collection.immutable.List.foldLeft(List.scala:89)
	at scala.meta.internal.pc.PcCollector.traverseWithParent$1(PcCollector.scala:401)
	at scala.meta.internal.pc.PcCollector.traverseSought(PcCollector.scala:455)
	at scala.meta.internal.pc.PcCollector.resultWithSought(PcCollector.scala:271)
	at scala.meta.internal.pc.PcCollector.result(PcCollector.scala:219)
	at scala.meta.internal.pc.PcDocumentHighlightProvider.highlights(PcDocumentHighlightProvider.scala:27)

2025.03.28 18:34:18 INFO  compiling ldp-project-2 (1 scala source)
2025.03.28 18:34:19 INFO  time: compiled ldp-project-2 in 1.04s
Mar 28, 2025 6:36:09 PM scala.meta.internal.metals.StdReporter $anonfun$create$1
WARNING: empty definition using pc, found symbol in pc:  (full report at: /Users/harimkim/Documents/GitHub/LDP-Project-2/.metals/.reports/metals-full/2025-03-24/r_empty-definition_(ldp-project-2)_20-56-18-120.md)
2025.03.28 18:36:09 INFO  compiling ldp-project-2 (1 scala source)
2025.03.28 18:36:10 INFO  time: compiled ldp-project-2 in 1.03s
2025.03.28 18:38:03 INFO  compiling ldp-project-2 (1 scala source)
2025.03.28 18:38:03 INFO  time: compiled ldp-project-2 in 0.26s
2025.03.28 18:38:32 INFO  compiling ldp-project-2 (1 scala source)
2025.03.28 18:38:33 INFO  time: compiled ldp-project-2 in 1.06s
Mar 28, 2025 6:38:56 PM scala.meta.internal.metals.StdReporter $anonfun$create$1
WARNING: empty definition using pc, found symbol in pc:  (full report at: /Users/harimkim/Documents/GitHub/LDP-Project-2/.metals/.reports/metals-full/2025-03-24/r_empty-definition_(ldp-project-2)_20-56-18-120.md)
2025.03.28 18:38:57 INFO  compiling ldp-project-2 (1 scala source)
2025.03.28 18:38:58 INFO  time: compiled ldp-project-2 in 1.05s
2025.03.28 18:39:00 INFO  compiling ldp-project-2 (1 scala source)
2025.03.28 18:39:00 INFO  time: compiled ldp-project-2 in 0.99s
2025.03.28 18:39:03 INFO  compiling ldp-project-2 (1 scala source)
2025.03.28 18:39:04 INFO  time: compiled ldp-project-2 in 1.04s
2025.03.28 18:41:15 INFO  compiling ldp-project-2 (1 scala source)
2025.03.28 18:41:16 INFO  time: compiled ldp-project-2 in 1.1s
2025.03.28 18:41:17 INFO  compiling ldp-project-2 (1 scala source)
2025.03.28 18:41:17 INFO  time: compiled ldp-project-2 in 0.98s
2025.03.28 18:43:20 INFO  compiling ldp-project-2 (1 scala source)
2025.03.28 18:43:22 INFO  time: compiled ldp-project-2 in 1.08s
2025.03.28 18:44:46 INFO  compiling ldp-project-2 (1 scala source)
2025.03.28 18:44:46 INFO  time: compiled ldp-project-2 in 1s
2025.03.28 18:45:26 INFO  compiling ldp-project-2 (1 scala source)
2025.03.28 18:45:27 INFO  time: compiled ldp-project-2 in 1.01s
2025.03.28 18:49:03 INFO  compiling ldp-project-2 (1 scala source)
2025.03.28 18:49:04 INFO  time: compiled ldp-project-2 in 1.05s
2025.03.28 18:49:10 INFO  compiling ldp-project-2 (1 scala source)
2025.03.28 18:49:10 INFO  time: compiled ldp-project-2 in 0.95s
2025.03.28 18:49:14 INFO  compiling ldp-project-2 (1 scala source)
2025.03.28 18:49:14 WARN  Could not load snapshot text for /Users/harimkim/Documents/GitHub/LDP-Project-2/src/main/scala/project_2/main.scala
2025.03.28 18:49:14 INFO  time: compiled ldp-project-2 in 0.98s
2025.03.28 18:49:16 INFO  compiling ldp-project-2 (1 scala source)
2025.03.28 18:49:16 INFO  time: compiled ldp-project-2 in 0.94s
2025.03.28 18:49:25 INFO  compiling ldp-project-2 (1 scala source)
2025.03.28 18:49:25 INFO  time: compiled ldp-project-2 in 0.91s
2025.03.28 18:49:27 INFO  compiling ldp-project-2 (1 scala source)
2025.03.28 18:49:27 INFO  time: compiled ldp-project-2 in 0.95s
2025.03.28 19:10:23 INFO  compiling ldp-project-2 (1 scala source)
2025.03.28 19:10:24 INFO  time: compiled ldp-project-2 in 1s
Mar 28, 2025 7:17:57 PM scala.meta.internal.metals.StdReporter $anonfun$create$1
WARNING: empty definition using pc, found symbol in pc:  (full report at: /Users/harimkim/Documents/GitHub/LDP-Project-2/.metals/.reports/metals-full/2025-03-24/r_empty-definition_(ldp-project-2)_20-56-18-120.md)
Mar 28, 2025 7:17:57 PM scala.meta.internal.metals.StdReporter $anonfun$create$1
WARNING: empty definition using pc, found symbol in pc:  (full report at: /Users/harimkim/Documents/GitHub/LDP-Project-2/.metals/.reports/metals-full/2025-03-24/r_empty-definition_(ldp-project-2)_20-56-18-120.md)
Mar 28, 2025 7:17:57 PM scala.meta.internal.metals.StdReporter $anonfun$create$1
WARNING: empty definition using pc, found symbol in pc:  (full report at: /Users/harimkim/Documents/GitHub/LDP-Project-2/.metals/.reports/metals-full/2025-03-28/r_empty-definition_(ldp-project-2)_19-17-57-667.md)
Mar 28, 2025 7:18:28 PM scala.meta.internal.metals.StdReporter $anonfun$create$1
WARNING: empty definition using pc, found symbol in pc:  (full report at: /Users/harimkim/Documents/GitHub/LDP-Project-2/.metals/.reports/metals-full/2025-03-24/r_empty-definition_(ldp-project-2)_20-56-18-120.md)
2025.03.28 19:18:32 INFO  compiling ldp-project-2 (1 scala source)
2025.03.28 19:18:32 INFO  time: compiled ldp-project-2 in 0.14s
2025.03.28 19:18:34 INFO  compiling ldp-project-2 (1 scala source)
2025.03.28 19:18:34 INFO  time: compiled ldp-project-2 in 0.11s
Mar 28, 2025 7:18:42 PM scala.meta.internal.metals.StdReporter $anonfun$create$1
WARNING: empty definition using pc, found symbol in pc:  (full report at: /Users/harimkim/Documents/GitHub/LDP-Project-2/.metals/.reports/metals-full/2025-03-24/r_empty-definition_(ldp-project-2)_20-56-18-120.md)
2025.03.28 19:18:50 INFO  time: compiled ldp-project-2 in 14ms
2025.03.28 19:18:53 INFO  compiling ldp-project-2 (1 scala source)
2025.03.28 19:18:53 INFO  time: compiled ldp-project-2 in 0.12s
2025.03.28 19:19:13 INFO  time: compiled ldp-project-2 in 4ms
Mar 28, 2025 7:19:20 PM scala.meta.internal.metals.StdReporter $anonfun$create$1
WARNING: empty definition using pc, found symbol in pc:  (full report at: /Users/harimkim/Documents/GitHub/LDP-Project-2/.metals/.reports/metals-full/2025-03-24/r_empty-definition_(ldp-project-2)_20-56-18-120.md)
Mar 28, 2025 7:19:20 PM scala.meta.internal.metals.StdReporter $anonfun$create$1
WARNING: empty definition using pc, found symbol in pc:  (full report at: /Users/harimkim/Documents/GitHub/LDP-Project-2/.metals/.reports/metals-full/2025-03-24/r_empty-definition_(ldp-project-2)_20-56-18-120.md)
Mar 28, 2025 7:19:22 PM scala.meta.internal.metals.StdReporter $anonfun$create$1
WARNING: empty definition using pc, found symbol in pc:  (full report at: /Users/harimkim/Documents/GitHub/LDP-Project-2/.metals/.reports/metals-full/2025-03-24/r_empty-definition_(ldp-project-2)_20-56-18-120.md)
2025.03.28 19:19:22 INFO  compiling ldp-project-2 (1 scala source)
2025.03.28 19:19:22 INFO  time: compiled ldp-project-2 in 0.11s
2025.03.28 19:19:36 INFO  compiling ldp-project-2 (1 scala source)
2025.03.28 19:19:37 INFO  time: compiled ldp-project-2 in 1.02s
2025.03.28 19:19:37 INFO  compiling ldp-project-2 (1 scala source)
2025.03.28 19:19:39 INFO  time: compiled ldp-project-2 in 1s
2025.03.28 19:19:56 INFO  compiling ldp-project-2 (1 scala source)
2025.03.28 19:19:56 INFO  time: compiled ldp-project-2 in 0.93s
2025.03.28 19:20:51 INFO  compiling ldp-project-2 (1 scala source)
2025.03.28 19:20:52 INFO  time: compiled ldp-project-2 in 1s
Mar 28, 2025 7:26:51 PM scala.meta.internal.metals.StdReporter $anonfun$create$1
WARNING: empty definition using pc, found symbol in pc:  (full report at: /Users/harimkim/Documents/GitHub/LDP-Project-2/.metals/.reports/metals-full/2025-03-24/r_empty-definition_(ldp-project-2)_20-56-18-120.md)
2025.03.28 19:26:55 INFO  compiling ldp-project-2 (1 scala source)
Mar 28, 2025 7:26:55 PM scala.meta.internal.metals.StdReporter $anonfun$create$1
WARNING: empty definition using pc, found symbol in pc:  (full report at: /Users/harimkim/Documents/GitHub/LDP-Project-2/.metals/.reports/metals-full/2025-03-24/r_empty-definition_(ldp-project-2)_20-56-18-120.md)
2025.03.28 19:26:55 INFO  time: compiled ldp-project-2 in 0.99s
2025.03.28 19:26:58 INFO  compiling ldp-project-2 (1 scala source)
2025.03.28 19:26:58 INFO  time: compiled ldp-project-2 in 0.97s
Mar 28, 2025 7:28:17 PM scala.meta.internal.metals.StdReporter $anonfun$create$1
WARNING: empty definition using pc, found symbol in pc:  (full report at: /Users/harimkim/Documents/GitHub/LDP-Project-2/.metals/.reports/metals-full/2025-03-24/r_empty-definition_(ldp-project-2)_20-56-18-120.md)
Mar 28, 2025 7:28:27 PM org.eclipse.lsp4j.jsonrpc.RemoteEndpoint handleCancellation
WARNING: Unmatched cancel notification for request id 1371
Mar 28, 2025 7:28:45 PM scala.meta.internal.metals.StdReporter $anonfun$create$1
WARNING: empty definition using pc, found symbol in pc:  (full report at: /Users/harimkim/Documents/GitHub/LDP-Project-2/.metals/.reports/metals-full/2025-03-24/r_empty-definition_(ldp-project-2)_20-56-18-120.md)
2025.03.28 19:28:50 INFO  compiling ldp-project-2 (1 scala source)
2025.03.28 19:28:51 INFO  time: compiled ldp-project-2 in 1.04s
2025.03.28 19:28:58 INFO  compiling ldp-project-2 (1 scala source)
2025.03.28 19:28:58 INFO  time: compiled ldp-project-2 in 1s
Mar 28, 2025 7:31:04 PM scala.meta.internal.metals.StdReporter $anonfun$create$1
WARNING: empty definition using pc, found symbol in pc:  (full report at: /Users/harimkim/Documents/GitHub/LDP-Project-2/.metals/.reports/metals-full/2025-03-24/r_empty-definition_(ldp-project-2)_20-56-18-120.md)
2025.03.28 19:31:04 INFO  compiling ldp-project-2 (1 scala source)
2025.03.28 19:31:04 INFO  time: compiled ldp-project-2 in 0.97s
2025.03.28 19:36:02 INFO  compiling ldp-project-2 (1 scala source)
2025.03.28 19:36:03 INFO  time: compiled ldp-project-2 in 1.05s
2025.03.28 19:41:36 INFO  compiling ldp-project-2 (1 scala source)
2025.03.28 19:41:36 INFO  time: compiled ldp-project-2 in 0.96s
Mar 28, 2025 7:42:13 PM scala.meta.internal.metals.StdReporter $anonfun$create$1
WARNING: empty definition using pc, found symbol in pc:  (full report at: /Users/harimkim/Documents/GitHub/LDP-Project-2/.metals/.reports/metals-full/2025-03-24/r_empty-definition_(ldp-project-2)_20-56-18-120.md)
2025.03.28 19:42:18 INFO  compiling ldp-project-2 (1 scala source)
2025.03.28 19:42:18 INFO  time: compiled ldp-project-2 in 0.99s
Mar 28, 2025 7:48:29 PM scala.meta.internal.metals.StdReporter $anonfun$create$1
WARNING: empty definition using pc, found symbol in pc:  (full report at: /Users/harimkim/Documents/GitHub/LDP-Project-2/.metals/.reports/metals-full/2025-03-24/r_empty-definition_(ldp-project-2)_20-56-18-120.md)
2025.03.28 19:48:31 INFO  compiling ldp-project-2 (1 scala source)
2025.03.28 19:48:31 INFO  time: compiled ldp-project-2 in 0.32s
2025.03.28 19:48:46 INFO  compiling ldp-project-2 (1 scala source)
2025.03.28 19:48:47 INFO  time: compiled ldp-project-2 in 1.11s
2025.03.28 19:52:53 INFO  compiling ldp-project-2 (1 scala source)
2025.03.28 19:52:53 INFO  time: compiled ldp-project-2 in 0.81s
2025.03.28 19:52:57 INFO  compiling ldp-project-2 (1 scala source)
2025.03.28 19:52:57 INFO  time: compiled ldp-project-2 in 0.78s
2025.03.28 19:53:00 INFO  compiling ldp-project-2 (1 scala source)
Mar 28, 2025 7:53:00 PM scala.meta.internal.metals.StdReporter $anonfun$create$1
WARNING: empty definition using pc, found symbol in pc:  (full report at: /Users/harimkim/Documents/GitHub/LDP-Project-2/.metals/.reports/metals-full/2025-03-24/r_empty-definition_(ldp-project-2)_20-56-18-120.md)
Mar 28, 2025 7:53:00 PM scala.meta.internal.metals.StdReporter $anonfun$create$1
WARNING: empty definition using pc, found symbol in pc:  (full report at: /Users/harimkim/Documents/GitHub/LDP-Project-2/.metals/.reports/metals-full/2025-03-24/r_empty-definition_(ldp-project-2)_20-56-18-120.md)
2025.03.28 19:53:00 INFO  time: compiled ldp-project-2 in 0.72s
2025.03.28 19:53:02 INFO  compiling ldp-project-2 (1 scala source)
2025.03.28 19:53:02 WARN  Could not load snapshot text for /Users/harimkim/Documents/GitHub/LDP-Project-2/src/main/scala/project_2/main.scala
2025.03.28 19:53:02 WARN  Could not load snapshot text for /Users/harimkim/Documents/GitHub/LDP-Project-2/src/main/scala/project_2/main.scala
Mar 28, 2025 7:53:02 PM scala.meta.internal.metals.StdReporter $anonfun$create$1
WARNING: empty definition using pc, found symbol in pc:  (full report at: /Users/harimkim/Documents/GitHub/LDP-Project-2/.metals/.reports/metals-full/2025-03-24/r_empty-definition_(ldp-project-2)_20-56-18-120.md)
Mar 28, 2025 7:53:02 PM org.eclipse.lsp4j.jsonrpc.RemoteEndpoint handleCancellation
WARNING: Unmatched cancel notification for request id 1898
2025.03.28 19:53:02 WARN  Could not load snapshot text for /Users/harimkim/Documents/GitHub/LDP-Project-2/src/main/scala/project_2/main.scala
2025.03.28 19:53:02 INFO  time: compiled ldp-project-2 in 0.98s
2025.03.28 19:53:04 INFO  compiling ldp-project-2 (1 scala source)
2025.03.28 19:53:04 INFO  time: compiled ldp-project-2 in 0.35s
2025.03.28 19:53:06 INFO  compiling ldp-project-2 (1 scala source)
2025.03.28 19:53:06 WARN  Could not load snapshot text for /Users/harimkim/Documents/GitHub/LDP-Project-2/src/main/scala/project_2/main.scala
2025.03.28 19:53:06 INFO  time: compiled ldp-project-2 in 0.78s
2025.03.28 19:53:08 INFO  compiling ldp-project-2 (1 scala source)
2025.03.28 19:53:08 INFO  time: compiled ldp-project-2 in 0.8s
Mar 28, 2025 7:53:10 PM scala.meta.internal.metals.StdReporter $anonfun$create$1
WARNING: empty definition using pc, found symbol in pc:  (full report at: /Users/harimkim/Documents/GitHub/LDP-Project-2/.metals/.reports/metals-full/2025-03-24/r_empty-definition_(ldp-project-2)_20-56-18-120.md)
2025.03.28 19:53:11 WARN  Could not load snapshot text for /Users/harimkim/Documents/GitHub/LDP-Project-2/src/main/scala/project_2/main.scala
2025.03.28 19:53:11 INFO  compiling ldp-project-2 (1 scala source)
2025.03.28 19:53:11 WARN  Could not load snapshot text for /Users/harimkim/Documents/GitHub/LDP-Project-2/src/main/scala/project_2/main.scala
2025.03.28 19:53:11 WARN  Could not load snapshot text for /Users/harimkim/Documents/GitHub/LDP-Project-2/src/main/scala/project_2/main.scala
2025.03.28 19:53:11 WARN  Could not load snapshot text for /Users/harimkim/Documents/GitHub/LDP-Project-2/src/main/scala/project_2/main.scala
2025.03.28 19:53:11 WARN  Could not load snapshot text for /Users/harimkim/Documents/GitHub/LDP-Project-2/src/main/scala/project_2/main.scala
2025.03.28 19:53:11 INFO  time: compiled ldp-project-2 in 0.78s
2025.03.28 19:53:13 INFO  compiling ldp-project-2 (1 scala source)
2025.03.28 19:53:13 INFO  time: compiled ldp-project-2 in 0.82s
2025.03.28 19:53:18 INFO  compiling ldp-project-2 (1 scala source)
2025.03.28 19:53:18 INFO  time: compiled ldp-project-2 in 0.76s
2025.03.28 19:53:37 INFO  compiling ldp-project-2 (1 scala source)
2025.03.28 19:53:37 INFO  time: compiled ldp-project-2 in 0.78s
Mar 28, 2025 8:00:46 PM scala.meta.internal.metals.StdReporter $anonfun$create$1
WARNING: empty definition using pc, found symbol in pc:  (full report at: /Users/harimkim/Documents/GitHub/LDP-Project-2/.metals/.reports/metals-full/2025-03-24/r_empty-definition_(ldp-project-2)_20-56-18-120.md)
2025.03.28 20:00:48 INFO  compiling ldp-project-2 (1 scala source)
2025.03.28 20:00:48 INFO  time: compiled ldp-project-2 in 0.81s
2025.03.28 20:01:06 INFO  compiling ldp-project-2 (1 scala source)
Mar 28, 2025 8:01:06 PM scala.meta.internal.metals.StdReporter $anonfun$create$1
WARNING: empty definition using pc, found symbol in pc:  (full report at: /Users/harimkim/Documents/GitHub/LDP-Project-2/.metals/.reports/metals-full/2025-03-24/r_empty-definition_(ldp-project-2)_20-56-18-120.md)
Mar 28, 2025 8:01:06 PM scala.meta.internal.metals.StdReporter $anonfun$create$1
WARNING: empty definition using pc, found symbol in pc:  (full report at: /Users/harimkim/Documents/GitHub/LDP-Project-2/.metals/.reports/metals-full/2025-03-28/r_empty-definition_(ldp-project-2)_20-01-06-883.md)
2025.03.28 20:01:06 INFO  time: compiled ldp-project-2 in 0.78s
2025.03.28 20:14:56 INFO  compiling ldp-project-2 (1 scala source)
2025.03.28 20:14:56 INFO  time: compiled ldp-project-2 in 0.84s
2025.03.28 20:15:19 INFO  compiling ldp-project-2 (1 scala source)
2025.03.28 20:15:19 INFO  time: compiled ldp-project-2 in 0.81s
